2021-05-15 18:56:59 WARN [restartedMain][ConfigServicePropertySourceLocator.java:161] - Could not locate PropertySource: I/O error on GET request for "http://localhost:8888/backgroundSystemConsumer/default": Connection refused: connect; nested exception is java.net.ConnectException: Connection refused: connect
2021-05-15 18:57:12 WARN [restartedMain][URLConfigurationSource.java:121] - No URLs will be polled as dynamic configuration sources.
2021-05-15 18:57:12 WARN [restartedMain][URLConfigurationSource.java:121] - No URLs will be polled as dynamic configuration sources.
2021-05-15 18:57:22 WARN [restartedMain][BlockingLoadBalancerClientAutoConfiguration.java:86] - You already have RibbonLoadBalancerClient on your classpath. It will be used by default. As Spring Cloud Ribbon is in maintenance mode. We recommend switching to BlockingLoadBalancerClient instead. In order to use it, set the value of `spring.cloud.loadbalancer.ribbon.enabled` to `false` or remove spring-cloud-starter-netflix-ribbon from your project.
2021-05-15 21:01:48 WARN [restartedMain][ConfigServicePropertySourceLocator.java:161] - Could not locate PropertySource: I/O error on GET request for "http://localhost:8888/backgroundSystemConsumer/default": Connection refused: connect; nested exception is java.net.ConnectException: Connection refused: connect
2021-05-15 21:01:53 WARN [restartedMain][URLConfigurationSource.java:121] - No URLs will be polled as dynamic configuration sources.
2021-05-15 21:01:53 WARN [restartedMain][URLConfigurationSource.java:121] - No URLs will be polled as dynamic configuration sources.
2021-05-15 21:02:01 WARN [restartedMain][BlockingLoadBalancerClientAutoConfiguration.java:86] - You already have RibbonLoadBalancerClient on your classpath. It will be used by default. As Spring Cloud Ribbon is in maintenance mode. We recommend switching to BlockingLoadBalancerClient instead. In order to use it, set the value of `spring.cloud.loadbalancer.ribbon.enabled` to `false` or remove spring-cloud-starter-netflix-ribbon from your project.
2021-05-15 21:02:10 WARN [restartedMain][RetryableEurekaHttpClient.java:130] - Request execution failed with message: java.net.ConnectException: Connection refused: connect
2021-05-15 21:02:10 WARN [restartedMain][DiscoveryClient.java:303] - Using default backup registry implementation which does not do anything.
2021-05-15 21:30:01 WARN [Thread-6][DiscoveryClient.java:1351] - Saw local status change event StatusChangeEvent [timestamp=1621085401007, current=DOWN, previous=UP]
2021-05-15 21:31:31 WARN [restartedMain][ConfigServicePropertySourceLocator.java:161] - Could not locate PropertySource: I/O error on GET request for "http://localhost:8888/backgroundSystemConsumer/default": Connection refused: connect; nested exception is java.net.ConnectException: Connection refused: connect
2021-05-15 21:32:05 WARN [restartedMain][URLConfigurationSource.java:121] - No URLs will be polled as dynamic configuration sources.
2021-05-15 21:32:12 WARN [restartedMain][BlockingLoadBalancerClientAutoConfiguration.java:86] - You already have RibbonLoadBalancerClient on your classpath. It will be used by default. As Spring Cloud Ribbon is in maintenance mode. We recommend switching to BlockingLoadBalancerClient instead. In order to use it, set the value of `spring.cloud.loadbalancer.ribbon.enabled` to `false` or remove spring-cloud-starter-netflix-ribbon from your project.
2021-05-15 21:56:52 WARN [Thread-15][DiscoveryClient.java:1351] - Saw local status change event StatusChangeEvent [timestamp=1621087012083, current=DOWN, previous=UP]
2021-05-15 21:57:26 WARN [restartedMain][ConfigServicePropertySourceLocator.java:161] - Could not locate PropertySource: I/O error on GET request for "http://localhost:8888/backgroundSystemConsumer/default": Connection refused: connect; nested exception is java.net.ConnectException: Connection refused: connect
2021-05-15 21:57:33 WARN [restartedMain][URLConfigurationSource.java:121] - No URLs will be polled as dynamic configuration sources.
2021-05-15 21:57:38 WARN [restartedMain][BlockingLoadBalancerClientAutoConfiguration.java:86] - You already have RibbonLoadBalancerClient on your classpath. It will be used by default. As Spring Cloud Ribbon is in maintenance mode. We recommend switching to BlockingLoadBalancerClient instead. In order to use it, set the value of `spring.cloud.loadbalancer.ribbon.enabled` to `false` or remove spring-cloud-starter-netflix-ribbon from your project.
2021-05-15 22:05:11 WARN [restartedMain][ConfigServicePropertySourceLocator.java:161] - Could not locate PropertySource: I/O error on GET request for "http://localhost:8888/backgroundSystemConsumer/default": Connection refused: connect; nested exception is java.net.ConnectException: Connection refused: connect
2021-05-15 22:05:16 WARN [restartedMain][URLConfigurationSource.java:121] - No URLs will be polled as dynamic configuration sources.
2021-05-15 22:05:16 WARN [restartedMain][URLConfigurationSource.java:121] - No URLs will be polled as dynamic configuration sources.
2021-05-15 22:05:23 WARN [restartedMain][BlockingLoadBalancerClientAutoConfiguration.java:86] - You already have RibbonLoadBalancerClient on your classpath. It will be used by default. As Spring Cloud Ribbon is in maintenance mode. We recommend switching to BlockingLoadBalancerClient instead. In order to use it, set the value of `spring.cloud.loadbalancer.ribbon.enabled` to `false` or remove spring-cloud-starter-netflix-ribbon from your project.
2021-05-15 22:05:31 WARN [restartedMain][RetryableEurekaHttpClient.java:130] - Request execution failed with message: java.net.ConnectException: Connection refused: connect
2021-05-15 22:05:31 WARN [restartedMain][DiscoveryClient.java:303] - Using default backup registry implementation which does not do anything.
