2021-05-13 17:37:22 WARN [restartedMain][EndpointId.java:155] - Endpoint ID 'service-registry' contains invalid characters, please migrate to a valid format.
2021-05-13 17:37:22 WARN [restartedMain][EndpointId.java:155] - Endpoint ID 'hystrix.stream' contains invalid characters, please migrate to a valid format.
2021-05-13 17:37:24 WARN [restartedMain][URLConfigurationSource.java:121] - No URLs will be polled as dynamic configuration sources.
2021-05-13 17:37:31 WARN [restartedMain][URLConfigurationSource.java:121] - No URLs will be polled as dynamic configuration sources.
2021-05-13 17:37:31 WARN [restartedMain][OptionalLiveReloadServer.java:61] - Unable to start LiveReload server
2021-05-13 17:37:32 WARN [restartedMain][LoadBalancerCacheAutoConfiguration.java:84] - Spring Cloud LoadBalancer is currently working with the default cache. You can switch to using Caffeine cache, by adding it to the classpath.
2021-05-13 19:30:42 WARN [SpringContextShutdownHook][DiscoveryClient.java:1351] - Saw local status change event StatusChangeEvent [timestamp=1620905442826, current=DOWN, previous=UP]
2021-05-13 19:30:48 WARN [DiscoveryClient-HeartbeatExecutor-0][RetryableEurekaHttpClient.java:130] - Request execution failed with message: org.apache.http.NoHttpResponseException: localhost:7001 failed to respond
2021-05-13 19:30:50 WARN [DiscoveryClient-CacheRefreshExecutor-0][RetryableEurekaHttpClient.java:130] - Request execution failed with message: java.net.ConnectException: Connection refused: connect
2021-05-13 19:30:52 WARN [DiscoveryClient-HeartbeatExecutor-0][RetryableEurekaHttpClient.java:130] - Request execution failed with message: java.net.ConnectException: Connection refused: connect
2021-05-13 19:30:53 WARN [DiscoveryClient-0][TimedSupervisorTask.java:90] - task supervisor shutting down, can't accept the task
2021-05-13 19:30:54 WARN [DiscoveryClient-CacheRefreshExecutor-0][RetryableEurekaHttpClient.java:130] - Request execution failed with message: java.net.ConnectException: Connection refused: connect
2021-05-13 19:30:57 WARN [SpringContextShutdownHook][RetryableEurekaHttpClient.java:130] - Request execution failed with message: java.net.ConnectException: Connection refused: connect
2021-05-13 19:58:57 WARN [restartedMain][EndpointId.java:155] - Endpoint ID 'service-registry' contains invalid characters, please migrate to a valid format.
2021-05-13 19:58:57 WARN [restartedMain][EndpointId.java:155] - Endpoint ID 'hystrix.stream' contains invalid characters, please migrate to a valid format.
2021-05-13 19:59:00 WARN [restartedMain][URLConfigurationSource.java:121] - No URLs will be polled as dynamic configuration sources.
2021-05-13 19:59:07 WARN [restartedMain][URLConfigurationSource.java:121] - No URLs will be polled as dynamic configuration sources.
2021-05-13 19:59:07 WARN [restartedMain][OptionalLiveReloadServer.java:61] - Unable to start LiveReload server
2021-05-13 19:59:09 WARN [restartedMain][LoadBalancerCacheAutoConfiguration.java:84] - Spring Cloud LoadBalancer is currently working with the default cache. You can switch to using Caffeine cache, by adding it to the classpath.
2021-05-13 20:13:46 WARN [SpringContextShutdownHook][DiscoveryClient.java:1351] - Saw local status change event StatusChangeEvent [timestamp=1620908026287, current=DOWN, previous=UP]
2021-05-13 20:13:46 WARN [DiscoveryClient-InstanceInfoReplicator-0][RetryableEurekaHttpClient.java:130] - Request execution failed with message: org.apache.http.NoHttpResponseException: localhost:7001 failed to respond
2021-05-13 20:13:46 WARN [DiscoveryClient-InstanceInfoReplicator-0][RetryableEurekaHttpClient.java:130] - Request execution failed with message: org.apache.http.client.ClientProtocolException
2021-05-13 20:13:46 WARN [DiscoveryClient-InstanceInfoReplicator-0][DiscoveryClient.java:875] - DiscoveryClient_NEWSGATEWAY/Sojacnn_Gateway_01 - registration failed Cannot execute request on any known server
com.netflix.discovery.shared.transport.TransportException: Cannot execute request on any known server
	at com.netflix.discovery.shared.transport.decorator.RetryableEurekaHttpClient.execute(RetryableEurekaHttpClient.java:112) ~[eureka-client-1.9.25.jar:1.9.25]
	at com.netflix.discovery.shared.transport.decorator.EurekaHttpClientDecorator.register(EurekaHttpClientDecorator.java:56) ~[eureka-client-1.9.25.jar:1.9.25]
	at com.netflix.discovery.shared.transport.decorator.EurekaHttpClientDecorator$1.execute(EurekaHttpClientDecorator.java:59) ~[eureka-client-1.9.25.jar:1.9.25]
	at com.netflix.discovery.shared.transport.decorator.SessionedEurekaHttpClient.execute(SessionedEurekaHttpClient.java:77) ~[eureka-client-1.9.25.jar:1.9.25]
	at com.netflix.discovery.shared.transport.decorator.EurekaHttpClientDecorator.register(EurekaHttpClientDecorator.java:56) ~[eureka-client-1.9.25.jar:1.9.25]
	at com.netflix.discovery.DiscoveryClient.register(DiscoveryClient.java:873) [eureka-client-1.9.25.jar:1.9.25]
	at com.netflix.discovery.InstanceInfoReplicator.run(InstanceInfoReplicator.java:121) [eureka-client-1.9.25.jar:1.9.25]
	at com.netflix.discovery.InstanceInfoReplicator$1.run(InstanceInfoReplicator.java:101) [eureka-client-1.9.25.jar:1.9.25]
	at java.util.concurrent.Executors$RunnableAdapter.call(Executors.java:515) [?:?]
	at java.util.concurrent.FutureTask.run$$$capture(FutureTask.java:264) [?:?]
	at java.util.concurrent.FutureTask.run(FutureTask.java) [?:?]
	at java.util.concurrent.ScheduledThreadPoolExecutor$ScheduledFutureTask.run(ScheduledThreadPoolExecutor.java:304) [?:?]
	at java.util.concurrent.ThreadPoolExecutor.runWorker(ThreadPoolExecutor.java:1128) [?:?]
	at java.util.concurrent.ThreadPoolExecutor$Worker.run(ThreadPoolExecutor.java:628) [?:?]
	at java.lang.Thread.run(Thread.java:834) [?:?]
2021-05-13 20:13:46 WARN [DiscoveryClient-InstanceInfoReplicator-0][InstanceInfoReplicator.java:125] - There was a problem with the instance info replicator
com.netflix.discovery.shared.transport.TransportException: Cannot execute request on any known server
	at com.netflix.discovery.shared.transport.decorator.RetryableEurekaHttpClient.execute(RetryableEurekaHttpClient.java:112) ~[eureka-client-1.9.25.jar:1.9.25]
	at com.netflix.discovery.shared.transport.decorator.EurekaHttpClientDecorator.register(EurekaHttpClientDecorator.java:56) ~[eureka-client-1.9.25.jar:1.9.25]
	at com.netflix.discovery.shared.transport.decorator.EurekaHttpClientDecorator$1.execute(EurekaHttpClientDecorator.java:59) ~[eureka-client-1.9.25.jar:1.9.25]
	at com.netflix.discovery.shared.transport.decorator.SessionedEurekaHttpClient.execute(SessionedEurekaHttpClient.java:77) ~[eureka-client-1.9.25.jar:1.9.25]
	at com.netflix.discovery.shared.transport.decorator.EurekaHttpClientDecorator.register(EurekaHttpClientDecorator.java:56) ~[eureka-client-1.9.25.jar:1.9.25]
	at com.netflix.discovery.DiscoveryClient.register(DiscoveryClient.java:873) ~[eureka-client-1.9.25.jar:1.9.25]
	at com.netflix.discovery.InstanceInfoReplicator.run(InstanceInfoReplicator.java:121) [eureka-client-1.9.25.jar:1.9.25]
	at com.netflix.discovery.InstanceInfoReplicator$1.run(InstanceInfoReplicator.java:101) [eureka-client-1.9.25.jar:1.9.25]
	at java.util.concurrent.Executors$RunnableAdapter.call(Executors.java:515) [?:?]
	at java.util.concurrent.FutureTask.run$$$capture(FutureTask.java:264) [?:?]
	at java.util.concurrent.FutureTask.run(FutureTask.java) [?:?]
	at java.util.concurrent.ScheduledThreadPoolExecutor$ScheduledFutureTask.run(ScheduledThreadPoolExecutor.java:304) [?:?]
	at java.util.concurrent.ThreadPoolExecutor.runWorker(ThreadPoolExecutor.java:1128) [?:?]
	at java.util.concurrent.ThreadPoolExecutor$Worker.run(ThreadPoolExecutor.java:628) [?:?]
	at java.lang.Thread.run(Thread.java:834) [?:?]
2021-05-13 20:13:54 WARN [SpringContextShutdownHook][RetryableEurekaHttpClient.java:130] - Request execution failed with message: java.net.ConnectException: Connection refused: connect
2021-05-13 20:14:09 WARN [restartedMain][EndpointId.java:155] - Endpoint ID 'service-registry' contains invalid characters, please migrate to a valid format.
2021-05-13 20:14:09 WARN [restartedMain][EndpointId.java:155] - Endpoint ID 'hystrix.stream' contains invalid characters, please migrate to a valid format.
2021-05-13 20:14:10 WARN [restartedMain][URLConfigurationSource.java:121] - No URLs will be polled as dynamic configuration sources.
2021-05-13 20:14:17 WARN [restartedMain][URLConfigurationSource.java:121] - No URLs will be polled as dynamic configuration sources.
2021-05-13 20:14:17 WARN [restartedMain][OptionalLiveReloadServer.java:61] - Unable to start LiveReload server
2021-05-13 20:14:18 WARN [restartedMain][LoadBalancerCacheAutoConfiguration.java:84] - Spring Cloud LoadBalancer is currently working with the default cache. You can switch to using Caffeine cache, by adding it to the classpath.
2021-05-13 20:46:28 WARN [restartedMain][EndpointId.java:155] - Endpoint ID 'service-registry' contains invalid characters, please migrate to a valid format.
2021-05-13 20:46:28 WARN [restartedMain][EndpointId.java:155] - Endpoint ID 'hystrix.stream' contains invalid characters, please migrate to a valid format.
2021-05-13 20:46:30 WARN [restartedMain][URLConfigurationSource.java:121] - No URLs will be polled as dynamic configuration sources.
2021-05-13 20:46:36 WARN [restartedMain][URLConfigurationSource.java:121] - No URLs will be polled as dynamic configuration sources.
2021-05-13 20:46:36 WARN [restartedMain][OptionalLiveReloadServer.java:61] - Unable to start LiveReload server
2021-05-13 20:46:36 WARN [restartedMain][LoadBalancerCacheAutoConfiguration.java:84] - Spring Cloud LoadBalancer is currently working with the default cache. You can switch to using Caffeine cache, by adding it to the classpath.
2021-05-13 20:51:08 WARN [SpringContextShutdownHook][DiscoveryClient.java:1351] - Saw local status change event StatusChangeEvent [timestamp=1620910268432, current=DOWN, previous=UP]
2021-05-13 20:51:08 WARN [DiscoveryClient-InstanceInfoReplicator-0][RetryableEurekaHttpClient.java:130] - Request execution failed with message: org.apache.http.NoHttpResponseException: localhost:7001 failed to respond
2021-05-13 20:51:08 WARN [DiscoveryClient-InstanceInfoReplicator-0][RetryableEurekaHttpClient.java:130] - Request execution failed with message: org.apache.http.client.ClientProtocolException
2021-05-13 20:51:08 WARN [DiscoveryClient-InstanceInfoReplicator-0][DiscoveryClient.java:875] - DiscoveryClient_NEWSGATEWAY/Sojacnn_Gateway_01 - registration failed Cannot execute request on any known server
com.netflix.discovery.shared.transport.TransportException: Cannot execute request on any known server
	at com.netflix.discovery.shared.transport.decorator.RetryableEurekaHttpClient.execute(RetryableEurekaHttpClient.java:112) ~[eureka-client-1.9.25.jar:1.9.25]
	at com.netflix.discovery.shared.transport.decorator.EurekaHttpClientDecorator.register(EurekaHttpClientDecorator.java:56) ~[eureka-client-1.9.25.jar:1.9.25]
	at com.netflix.discovery.shared.transport.decorator.EurekaHttpClientDecorator$1.execute(EurekaHttpClientDecorator.java:59) ~[eureka-client-1.9.25.jar:1.9.25]
	at com.netflix.discovery.shared.transport.decorator.SessionedEurekaHttpClient.execute(SessionedEurekaHttpClient.java:77) ~[eureka-client-1.9.25.jar:1.9.25]
	at com.netflix.discovery.shared.transport.decorator.EurekaHttpClientDecorator.register(EurekaHttpClientDecorator.java:56) ~[eureka-client-1.9.25.jar:1.9.25]
	at com.netflix.discovery.DiscoveryClient.register(DiscoveryClient.java:873) [eureka-client-1.9.25.jar:1.9.25]
	at com.netflix.discovery.InstanceInfoReplicator.run(InstanceInfoReplicator.java:121) [eureka-client-1.9.25.jar:1.9.25]
	at com.netflix.discovery.InstanceInfoReplicator$1.run(InstanceInfoReplicator.java:101) [eureka-client-1.9.25.jar:1.9.25]
	at java.util.concurrent.Executors$RunnableAdapter.call(Executors.java:515) [?:?]
	at java.util.concurrent.FutureTask.run$$$capture(FutureTask.java:264) [?:?]
	at java.util.concurrent.FutureTask.run(FutureTask.java) [?:?]
	at java.util.concurrent.ScheduledThreadPoolExecutor$ScheduledFutureTask.run(ScheduledThreadPoolExecutor.java:304) [?:?]
	at java.util.concurrent.ThreadPoolExecutor.runWorker(ThreadPoolExecutor.java:1128) [?:?]
	at java.util.concurrent.ThreadPoolExecutor$Worker.run(ThreadPoolExecutor.java:628) [?:?]
	at java.lang.Thread.run(Thread.java:834) [?:?]
2021-05-13 20:51:08 WARN [DiscoveryClient-InstanceInfoReplicator-0][InstanceInfoReplicator.java:125] - There was a problem with the instance info replicator
com.netflix.discovery.shared.transport.TransportException: Cannot execute request on any known server
	at com.netflix.discovery.shared.transport.decorator.RetryableEurekaHttpClient.execute(RetryableEurekaHttpClient.java:112) ~[eureka-client-1.9.25.jar:1.9.25]
	at com.netflix.discovery.shared.transport.decorator.EurekaHttpClientDecorator.register(EurekaHttpClientDecorator.java:56) ~[eureka-client-1.9.25.jar:1.9.25]
	at com.netflix.discovery.shared.transport.decorator.EurekaHttpClientDecorator$1.execute(EurekaHttpClientDecorator.java:59) ~[eureka-client-1.9.25.jar:1.9.25]
	at com.netflix.discovery.shared.transport.decorator.SessionedEurekaHttpClient.execute(SessionedEurekaHttpClient.java:77) ~[eureka-client-1.9.25.jar:1.9.25]
	at com.netflix.discovery.shared.transport.decorator.EurekaHttpClientDecorator.register(EurekaHttpClientDecorator.java:56) ~[eureka-client-1.9.25.jar:1.9.25]
	at com.netflix.discovery.DiscoveryClient.register(DiscoveryClient.java:873) ~[eureka-client-1.9.25.jar:1.9.25]
	at com.netflix.discovery.InstanceInfoReplicator.run(InstanceInfoReplicator.java:121) [eureka-client-1.9.25.jar:1.9.25]
	at com.netflix.discovery.InstanceInfoReplicator$1.run(InstanceInfoReplicator.java:101) [eureka-client-1.9.25.jar:1.9.25]
	at java.util.concurrent.Executors$RunnableAdapter.call(Executors.java:515) [?:?]
	at java.util.concurrent.FutureTask.run$$$capture(FutureTask.java:264) [?:?]
	at java.util.concurrent.FutureTask.run(FutureTask.java) [?:?]
	at java.util.concurrent.ScheduledThreadPoolExecutor$ScheduledFutureTask.run(ScheduledThreadPoolExecutor.java:304) [?:?]
	at java.util.concurrent.ThreadPoolExecutor.runWorker(ThreadPoolExecutor.java:1128) [?:?]
	at java.util.concurrent.ThreadPoolExecutor$Worker.run(ThreadPoolExecutor.java:628) [?:?]
	at java.lang.Thread.run(Thread.java:834) [?:?]
2021-05-13 20:51:12 WARN [DiscoveryClient-0][TimedSupervisorTask.java:90] - task supervisor shutting down, can't accept the task
2021-05-13 20:51:12 WARN [DiscoveryClient-1][TimedSupervisorTask.java:90] - task supervisor shutting down, can't accept the task
2021-05-13 20:51:12 WARN [DiscoveryClient-HeartbeatExecutor-0][RetryableEurekaHttpClient.java:130] - Request execution failed with message: java.net.ConnectException: Connection refused: connect
2021-05-13 20:51:13 WARN [DiscoveryClient-CacheRefreshExecutor-0][RetryableEurekaHttpClient.java:130] - Request execution failed with message: java.net.ConnectException: Connection refused: connect
2021-05-13 20:51:16 WARN [SpringContextShutdownHook][RetryableEurekaHttpClient.java:130] - Request execution failed with message: java.net.ConnectException: Connection refused: connect
2021-05-13 20:58:58 WARN [restartedMain][EndpointId.java:155] - Endpoint ID 'service-registry' contains invalid characters, please migrate to a valid format.
2021-05-13 20:58:58 WARN [restartedMain][EndpointId.java:155] - Endpoint ID 'hystrix.stream' contains invalid characters, please migrate to a valid format.
2021-05-13 20:59:00 WARN [restartedMain][URLConfigurationSource.java:121] - No URLs will be polled as dynamic configuration sources.
2021-05-13 20:59:06 WARN [restartedMain][URLConfigurationSource.java:121] - No URLs will be polled as dynamic configuration sources.
2021-05-13 20:59:07 WARN [restartedMain][OptionalLiveReloadServer.java:61] - Unable to start LiveReload server
2021-05-13 20:59:07 WARN [restartedMain][LoadBalancerCacheAutoConfiguration.java:84] - Spring Cloud LoadBalancer is currently working with the default cache. You can switch to using Caffeine cache, by adding it to the classpath.
2021-05-13 21:02:32 WARN [SpringContextShutdownHook][DiscoveryClient.java:1351] - Saw local status change event StatusChangeEvent [timestamp=1620910952561, current=DOWN, previous=UP]
2021-05-13 21:02:32 WARN [DiscoveryClient-InstanceInfoReplicator-0][RetryableEurekaHttpClient.java:130] - Request execution failed with message: org.apache.http.NoHttpResponseException: localhost:7001 failed to respond
2021-05-13 21:02:32 WARN [DiscoveryClient-InstanceInfoReplicator-0][RetryableEurekaHttpClient.java:130] - Request execution failed with message: org.apache.http.client.ClientProtocolException
2021-05-13 21:02:32 WARN [DiscoveryClient-InstanceInfoReplicator-0][DiscoveryClient.java:875] - DiscoveryClient_NEWSGATEWAY/Sojacnn_Gateway_01 - registration failed Cannot execute request on any known server
com.netflix.discovery.shared.transport.TransportException: Cannot execute request on any known server
	at com.netflix.discovery.shared.transport.decorator.RetryableEurekaHttpClient.execute(RetryableEurekaHttpClient.java:112) ~[eureka-client-1.9.25.jar:1.9.25]
	at com.netflix.discovery.shared.transport.decorator.EurekaHttpClientDecorator.register(EurekaHttpClientDecorator.java:56) ~[eureka-client-1.9.25.jar:1.9.25]
	at com.netflix.discovery.shared.transport.decorator.EurekaHttpClientDecorator$1.execute(EurekaHttpClientDecorator.java:59) ~[eureka-client-1.9.25.jar:1.9.25]
	at com.netflix.discovery.shared.transport.decorator.SessionedEurekaHttpClient.execute(SessionedEurekaHttpClient.java:77) ~[eureka-client-1.9.25.jar:1.9.25]
	at com.netflix.discovery.shared.transport.decorator.EurekaHttpClientDecorator.register(EurekaHttpClientDecorator.java:56) ~[eureka-client-1.9.25.jar:1.9.25]
	at com.netflix.discovery.DiscoveryClient.register(DiscoveryClient.java:873) [eureka-client-1.9.25.jar:1.9.25]
	at com.netflix.discovery.InstanceInfoReplicator.run(InstanceInfoReplicator.java:121) [eureka-client-1.9.25.jar:1.9.25]
	at com.netflix.discovery.InstanceInfoReplicator$1.run(InstanceInfoReplicator.java:101) [eureka-client-1.9.25.jar:1.9.25]
	at java.util.concurrent.Executors$RunnableAdapter.call(Executors.java:515) [?:?]
	at java.util.concurrent.FutureTask.run$$$capture(FutureTask.java:264) [?:?]
	at java.util.concurrent.FutureTask.run(FutureTask.java) [?:?]
	at java.util.concurrent.ScheduledThreadPoolExecutor$ScheduledFutureTask.run(ScheduledThreadPoolExecutor.java:304) [?:?]
	at java.util.concurrent.ThreadPoolExecutor.runWorker(ThreadPoolExecutor.java:1128) [?:?]
	at java.util.concurrent.ThreadPoolExecutor$Worker.run(ThreadPoolExecutor.java:628) [?:?]
	at java.lang.Thread.run(Thread.java:834) [?:?]
2021-05-13 21:02:32 WARN [DiscoveryClient-InstanceInfoReplicator-0][InstanceInfoReplicator.java:125] - There was a problem with the instance info replicator
com.netflix.discovery.shared.transport.TransportException: Cannot execute request on any known server
	at com.netflix.discovery.shared.transport.decorator.RetryableEurekaHttpClient.execute(RetryableEurekaHttpClient.java:112) ~[eureka-client-1.9.25.jar:1.9.25]
	at com.netflix.discovery.shared.transport.decorator.EurekaHttpClientDecorator.register(EurekaHttpClientDecorator.java:56) ~[eureka-client-1.9.25.jar:1.9.25]
	at com.netflix.discovery.shared.transport.decorator.EurekaHttpClientDecorator$1.execute(EurekaHttpClientDecorator.java:59) ~[eureka-client-1.9.25.jar:1.9.25]
	at com.netflix.discovery.shared.transport.decorator.SessionedEurekaHttpClient.execute(SessionedEurekaHttpClient.java:77) ~[eureka-client-1.9.25.jar:1.9.25]
	at com.netflix.discovery.shared.transport.decorator.EurekaHttpClientDecorator.register(EurekaHttpClientDecorator.java:56) ~[eureka-client-1.9.25.jar:1.9.25]
	at com.netflix.discovery.DiscoveryClient.register(DiscoveryClient.java:873) ~[eureka-client-1.9.25.jar:1.9.25]
	at com.netflix.discovery.InstanceInfoReplicator.run(InstanceInfoReplicator.java:121) [eureka-client-1.9.25.jar:1.9.25]
	at com.netflix.discovery.InstanceInfoReplicator$1.run(InstanceInfoReplicator.java:101) [eureka-client-1.9.25.jar:1.9.25]
	at java.util.concurrent.Executors$RunnableAdapter.call(Executors.java:515) [?:?]
	at java.util.concurrent.FutureTask.run$$$capture(FutureTask.java:264) [?:?]
	at java.util.concurrent.FutureTask.run(FutureTask.java) [?:?]
	at java.util.concurrent.ScheduledThreadPoolExecutor$ScheduledFutureTask.run(ScheduledThreadPoolExecutor.java:304) [?:?]
	at java.util.concurrent.ThreadPoolExecutor.runWorker(ThreadPoolExecutor.java:1128) [?:?]
	at java.util.concurrent.ThreadPoolExecutor$Worker.run(ThreadPoolExecutor.java:628) [?:?]
	at java.lang.Thread.run(Thread.java:834) [?:?]
2021-05-13 21:02:40 WARN [SpringContextShutdownHook][RetryableEurekaHttpClient.java:130] - Request execution failed with message: java.net.ConnectException: Connection refused: connect
2021-05-13 21:03:26 WARN [restartedMain][EndpointId.java:155] - Endpoint ID 'service-registry' contains invalid characters, please migrate to a valid format.
2021-05-13 21:03:26 WARN [restartedMain][EndpointId.java:155] - Endpoint ID 'hystrix.stream' contains invalid characters, please migrate to a valid format.
2021-05-13 21:03:28 WARN [restartedMain][URLConfigurationSource.java:121] - No URLs will be polled as dynamic configuration sources.
2021-05-13 21:03:35 WARN [restartedMain][URLConfigurationSource.java:121] - No URLs will be polled as dynamic configuration sources.
2021-05-13 21:03:36 WARN [restartedMain][OptionalLiveReloadServer.java:61] - Unable to start LiveReload server
2021-05-13 21:03:36 WARN [restartedMain][LoadBalancerCacheAutoConfiguration.java:84] - Spring Cloud LoadBalancer is currently working with the default cache. You can switch to using Caffeine cache, by adding it to the classpath.
2021-05-13 21:11:48 WARN [http-nio-80-exec-3][SendErrorFilter.java:84] - Error during filtering
com.netflix.zuul.exception.ZuulException: 
	at org.springframework.cloud.netflix.zuul.filters.post.SendErrorFilter.findZuulException(SendErrorFilter.java:118) ~[spring-cloud-netflix-zuul-2.2.5.RELEASE.jar:2.2.5.RELEASE]
	at org.springframework.cloud.netflix.zuul.filters.post.SendErrorFilter.run(SendErrorFilter.java:78) [spring-cloud-netflix-zuul-2.2.5.RELEASE.jar:2.2.5.RELEASE]
	at com.netflix.zuul.ZuulFilter.runFilter(ZuulFilter.java:117) [zuul-core-1.3.1.jar:1.3.1]
	at com.netflix.zuul.FilterProcessor.processZuulFilter(FilterProcessor.java:193) [zuul-core-1.3.1.jar:1.3.1]
	at com.netflix.zuul.FilterProcessor.runFilters(FilterProcessor.java:157) [zuul-core-1.3.1.jar:1.3.1]
	at com.netflix.zuul.FilterProcessor.error(FilterProcessor.java:105) [zuul-core-1.3.1.jar:1.3.1]
	at com.netflix.zuul.ZuulRunner.error(ZuulRunner.java:112) [zuul-core-1.3.1.jar:1.3.1]
	at com.netflix.zuul.http.ZuulServlet.error(ZuulServlet.java:145) [zuul-core-1.3.1.jar:1.3.1]
	at com.netflix.zuul.http.ZuulServlet.service(ZuulServlet.java:83) [zuul-core-1.3.1.jar:1.3.1]
	at org.springframework.web.servlet.mvc.ServletWrappingController.handleRequestInternal(ServletWrappingController.java:166) [spring-webmvc-5.2.10.RELEASE.jar:5.2.10.RELEASE]
	at org.springframework.cloud.netflix.zuul.web.ZuulController.handleRequest(ZuulController.java:45) [spring-cloud-netflix-zuul-2.2.5.RELEASE.jar:2.2.5.RELEASE]
	at org.springframework.web.servlet.mvc.SimpleControllerHandlerAdapter.handle(SimpleControllerHandlerAdapter.java:52) [spring-webmvc-5.2.10.RELEASE.jar:5.2.10.RELEASE]
	at org.springframework.web.servlet.DispatcherServlet.doDispatch(DispatcherServlet.java:1040) [spring-webmvc-5.2.10.RELEASE.jar:5.2.10.RELEASE]
	at org.springframework.web.servlet.DispatcherServlet.doService(DispatcherServlet.java:943) [spring-webmvc-5.2.10.RELEASE.jar:5.2.10.RELEASE]
	at org.springframework.web.servlet.FrameworkServlet.processRequest(FrameworkServlet.java:1006) [spring-webmvc-5.2.10.RELEASE.jar:5.2.10.RELEASE]
	at org.springframework.web.servlet.FrameworkServlet.doGet(FrameworkServlet.java:898) [spring-webmvc-5.2.10.RELEASE.jar:5.2.10.RELEASE]
	at javax.servlet.http.HttpServlet.service(HttpServlet.java:626) [tomcat-embed-core-9.0.39.jar:4.0.FR]
	at org.springframework.web.servlet.FrameworkServlet.service(FrameworkServlet.java:883) [spring-webmvc-5.2.10.RELEASE.jar:5.2.10.RELEASE]
	at javax.servlet.http.HttpServlet.service(HttpServlet.java:733) [tomcat-embed-core-9.0.39.jar:4.0.FR]
	at org.apache.catalina.core.ApplicationFilterChain.internalDoFilter(ApplicationFilterChain.java:231) [tomcat-embed-core-9.0.39.jar:9.0.39]
	at org.apache.catalina.core.ApplicationFilterChain.doFilter(ApplicationFilterChain.java:166) [tomcat-embed-core-9.0.39.jar:9.0.39]
	at org.springframework.web.filter.CorsFilter.doFilterInternal(CorsFilter.java:92) [spring-web-5.2.10.RELEASE.jar:5.2.10.RELEASE]
	at org.springframework.web.filter.OncePerRequestFilter.doFilter(OncePerRequestFilter.java:119) [spring-web-5.2.10.RELEASE.jar:5.2.10.RELEASE]
	at org.apache.catalina.core.ApplicationFilterChain.internalDoFilter(ApplicationFilterChain.java:193) [tomcat-embed-core-9.0.39.jar:9.0.39]
	at org.apache.catalina.core.ApplicationFilterChain.doFilter(ApplicationFilterChain.java:166) [tomcat-embed-core-9.0.39.jar:9.0.39]
	at org.springframework.web.filter.RequestContextFilter.doFilterInternal(RequestContextFilter.java:100) [spring-web-5.2.10.RELEASE.jar:5.2.10.RELEASE]
	at org.springframework.web.filter.OncePerRequestFilter.doFilter(OncePerRequestFilter.java:119) [spring-web-5.2.10.RELEASE.jar:5.2.10.RELEASE]
	at org.apache.catalina.core.ApplicationFilterChain.internalDoFilter(ApplicationFilterChain.java:193) [tomcat-embed-core-9.0.39.jar:9.0.39]
	at org.apache.catalina.core.ApplicationFilterChain.doFilter(ApplicationFilterChain.java:166) [tomcat-embed-core-9.0.39.jar:9.0.39]
	at org.springframework.web.filter.FormContentFilter.doFilterInternal(FormContentFilter.java:93) [spring-web-5.2.10.RELEASE.jar:5.2.10.RELEASE]
	at org.springframework.web.filter.OncePerRequestFilter.doFilter(OncePerRequestFilter.java:119) [spring-web-5.2.10.RELEASE.jar:5.2.10.RELEASE]
	at org.apache.catalina.core.ApplicationFilterChain.internalDoFilter(ApplicationFilterChain.java:193) [tomcat-embed-core-9.0.39.jar:9.0.39]
	at org.apache.catalina.core.ApplicationFilterChain.doFilter(ApplicationFilterChain.java:166) [tomcat-embed-core-9.0.39.jar:9.0.39]
	at org.springframework.boot.actuate.metrics.web.servlet.WebMvcMetricsFilter.doFilterInternal(WebMvcMetricsFilter.java:93) [spring-boot-actuator-2.3.5.RELEASE.jar:2.3.5.RELEASE]
	at org.springframework.web.filter.OncePerRequestFilter.doFilter(OncePerRequestFilter.java:119) [spring-web-5.2.10.RELEASE.jar:5.2.10.RELEASE]
	at org.apache.catalina.core.ApplicationFilterChain.internalDoFilter(ApplicationFilterChain.java:193) [tomcat-embed-core-9.0.39.jar:9.0.39]
	at org.apache.catalina.core.ApplicationFilterChain.doFilter(ApplicationFilterChain.java:166) [tomcat-embed-core-9.0.39.jar:9.0.39]
	at org.springframework.web.filter.CharacterEncodingFilter.doFilterInternal(CharacterEncodingFilter.java:201) [spring-web-5.2.10.RELEASE.jar:5.2.10.RELEASE]
	at org.springframework.web.filter.OncePerRequestFilter.doFilter(OncePerRequestFilter.java:119) [spring-web-5.2.10.RELEASE.jar:5.2.10.RELEASE]
	at org.apache.catalina.core.ApplicationFilterChain.internalDoFilter(ApplicationFilterChain.java:193) [tomcat-embed-core-9.0.39.jar:9.0.39]
	at org.apache.catalina.core.ApplicationFilterChain.doFilter(ApplicationFilterChain.java:166) [tomcat-embed-core-9.0.39.jar:9.0.39]
	at org.apache.catalina.core.StandardWrapperValve.invoke(StandardWrapperValve.java:202) [tomcat-embed-core-9.0.39.jar:9.0.39]
	at org.apache.catalina.core.StandardContextValve.invoke(StandardContextValve.java:97) [tomcat-embed-core-9.0.39.jar:9.0.39]
	at org.apache.catalina.authenticator.AuthenticatorBase.invoke(AuthenticatorBase.java:542) [tomcat-embed-core-9.0.39.jar:9.0.39]
	at org.apache.catalina.core.StandardHostValve.invoke(StandardHostValve.java:143) [tomcat-embed-core-9.0.39.jar:9.0.39]
	at org.apache.catalina.valves.ErrorReportValve.invoke(ErrorReportValve.java:92) [tomcat-embed-core-9.0.39.jar:9.0.39]
	at org.apache.catalina.core.StandardEngineValve.invoke(StandardEngineValve.java:78) [tomcat-embed-core-9.0.39.jar:9.0.39]
	at org.apache.catalina.connector.CoyoteAdapter.service(CoyoteAdapter.java:343) [tomcat-embed-core-9.0.39.jar:9.0.39]
	at org.apache.coyote.http11.Http11Processor.service(Http11Processor.java:374) [tomcat-embed-core-9.0.39.jar:9.0.39]
	at org.apache.coyote.AbstractProcessorLight.process(AbstractProcessorLight.java:65) [tomcat-embed-core-9.0.39.jar:9.0.39]
	at org.apache.coyote.AbstractProtocol$ConnectionHandler.process(AbstractProtocol.java:868) [tomcat-embed-core-9.0.39.jar:9.0.39]
	at org.apache.tomcat.util.net.NioEndpoint$SocketProcessor.doRun(NioEndpoint.java:1590) [tomcat-embed-core-9.0.39.jar:9.0.39]
	at org.apache.tomcat.util.net.SocketProcessorBase.run(SocketProcessorBase.java:49) [tomcat-embed-core-9.0.39.jar:9.0.39]
	at java.util.concurrent.ThreadPoolExecutor.runWorker(ThreadPoolExecutor.java:1128) [?:?]
	at java.util.concurrent.ThreadPoolExecutor$Worker.run(ThreadPoolExecutor.java:628) [?:?]
	at org.apache.tomcat.util.threads.TaskThread$WrappingRunnable.run(TaskThread.java:61) [tomcat-embed-core-9.0.39.jar:9.0.39]
	at java.lang.Thread.run(Thread.java:834) [?:?]
2021-05-13 21:25:37 WARN [http-nio-80-exec-7][SendErrorFilter.java:84] - Error during filtering
com.netflix.zuul.exception.ZuulException: 
	at org.springframework.cloud.netflix.zuul.filters.post.SendErrorFilter.findZuulException(SendErrorFilter.java:118) ~[spring-cloud-netflix-zuul-2.2.5.RELEASE.jar:2.2.5.RELEASE]
	at org.springframework.cloud.netflix.zuul.filters.post.SendErrorFilter.run(SendErrorFilter.java:78) [spring-cloud-netflix-zuul-2.2.5.RELEASE.jar:2.2.5.RELEASE]
	at com.netflix.zuul.ZuulFilter.runFilter(ZuulFilter.java:117) [zuul-core-1.3.1.jar:1.3.1]
	at com.netflix.zuul.FilterProcessor.processZuulFilter(FilterProcessor.java:193) [zuul-core-1.3.1.jar:1.3.1]
	at com.netflix.zuul.FilterProcessor.runFilters(FilterProcessor.java:157) [zuul-core-1.3.1.jar:1.3.1]
	at com.netflix.zuul.FilterProcessor.error(FilterProcessor.java:105) [zuul-core-1.3.1.jar:1.3.1]
	at com.netflix.zuul.ZuulRunner.error(ZuulRunner.java:112) [zuul-core-1.3.1.jar:1.3.1]
	at com.netflix.zuul.http.ZuulServlet.error(ZuulServlet.java:145) [zuul-core-1.3.1.jar:1.3.1]
	at com.netflix.zuul.http.ZuulServlet.service(ZuulServlet.java:83) [zuul-core-1.3.1.jar:1.3.1]
	at org.springframework.web.servlet.mvc.ServletWrappingController.handleRequestInternal(ServletWrappingController.java:166) [spring-webmvc-5.2.10.RELEASE.jar:5.2.10.RELEASE]
	at org.springframework.cloud.netflix.zuul.web.ZuulController.handleRequest(ZuulController.java:45) [spring-cloud-netflix-zuul-2.2.5.RELEASE.jar:2.2.5.RELEASE]
	at org.springframework.web.servlet.mvc.SimpleControllerHandlerAdapter.handle(SimpleControllerHandlerAdapter.java:52) [spring-webmvc-5.2.10.RELEASE.jar:5.2.10.RELEASE]
	at org.springframework.web.servlet.DispatcherServlet.doDispatch(DispatcherServlet.java:1040) [spring-webmvc-5.2.10.RELEASE.jar:5.2.10.RELEASE]
	at org.springframework.web.servlet.DispatcherServlet.doService(DispatcherServlet.java:943) [spring-webmvc-5.2.10.RELEASE.jar:5.2.10.RELEASE]
	at org.springframework.web.servlet.FrameworkServlet.processRequest(FrameworkServlet.java:1006) [spring-webmvc-5.2.10.RELEASE.jar:5.2.10.RELEASE]
	at org.springframework.web.servlet.FrameworkServlet.doGet(FrameworkServlet.java:898) [spring-webmvc-5.2.10.RELEASE.jar:5.2.10.RELEASE]
	at javax.servlet.http.HttpServlet.service(HttpServlet.java:626) [tomcat-embed-core-9.0.39.jar:4.0.FR]
	at org.springframework.web.servlet.FrameworkServlet.service(FrameworkServlet.java:883) [spring-webmvc-5.2.10.RELEASE.jar:5.2.10.RELEASE]
	at javax.servlet.http.HttpServlet.service(HttpServlet.java:733) [tomcat-embed-core-9.0.39.jar:4.0.FR]
	at org.apache.catalina.core.ApplicationFilterChain.internalDoFilter(ApplicationFilterChain.java:231) [tomcat-embed-core-9.0.39.jar:9.0.39]
	at org.apache.catalina.core.ApplicationFilterChain.doFilter(ApplicationFilterChain.java:166) [tomcat-embed-core-9.0.39.jar:9.0.39]
	at org.springframework.web.filter.CorsFilter.doFilterInternal(CorsFilter.java:92) [spring-web-5.2.10.RELEASE.jar:5.2.10.RELEASE]
	at org.springframework.web.filter.OncePerRequestFilter.doFilter(OncePerRequestFilter.java:119) [spring-web-5.2.10.RELEASE.jar:5.2.10.RELEASE]
	at org.apache.catalina.core.ApplicationFilterChain.internalDoFilter(ApplicationFilterChain.java:193) [tomcat-embed-core-9.0.39.jar:9.0.39]
	at org.apache.catalina.core.ApplicationFilterChain.doFilter(ApplicationFilterChain.java:166) [tomcat-embed-core-9.0.39.jar:9.0.39]
	at org.springframework.web.filter.RequestContextFilter.doFilterInternal(RequestContextFilter.java:100) [spring-web-5.2.10.RELEASE.jar:5.2.10.RELEASE]
	at org.springframework.web.filter.OncePerRequestFilter.doFilter(OncePerRequestFilter.java:119) [spring-web-5.2.10.RELEASE.jar:5.2.10.RELEASE]
	at org.apache.catalina.core.ApplicationFilterChain.internalDoFilter(ApplicationFilterChain.java:193) [tomcat-embed-core-9.0.39.jar:9.0.39]
	at org.apache.catalina.core.ApplicationFilterChain.doFilter(ApplicationFilterChain.java:166) [tomcat-embed-core-9.0.39.jar:9.0.39]
	at org.springframework.web.filter.FormContentFilter.doFilterInternal(FormContentFilter.java:93) [spring-web-5.2.10.RELEASE.jar:5.2.10.RELEASE]
	at org.springframework.web.filter.OncePerRequestFilter.doFilter(OncePerRequestFilter.java:119) [spring-web-5.2.10.RELEASE.jar:5.2.10.RELEASE]
	at org.apache.catalina.core.ApplicationFilterChain.internalDoFilter(ApplicationFilterChain.java:193) [tomcat-embed-core-9.0.39.jar:9.0.39]
	at org.apache.catalina.core.ApplicationFilterChain.doFilter(ApplicationFilterChain.java:166) [tomcat-embed-core-9.0.39.jar:9.0.39]
	at org.springframework.boot.actuate.metrics.web.servlet.WebMvcMetricsFilter.doFilterInternal(WebMvcMetricsFilter.java:93) [spring-boot-actuator-2.3.5.RELEASE.jar:2.3.5.RELEASE]
	at org.springframework.web.filter.OncePerRequestFilter.doFilter(OncePerRequestFilter.java:119) [spring-web-5.2.10.RELEASE.jar:5.2.10.RELEASE]
	at org.apache.catalina.core.ApplicationFilterChain.internalDoFilter(ApplicationFilterChain.java:193) [tomcat-embed-core-9.0.39.jar:9.0.39]
	at org.apache.catalina.core.ApplicationFilterChain.doFilter(ApplicationFilterChain.java:166) [tomcat-embed-core-9.0.39.jar:9.0.39]
	at org.springframework.web.filter.CharacterEncodingFilter.doFilterInternal(CharacterEncodingFilter.java:201) [spring-web-5.2.10.RELEASE.jar:5.2.10.RELEASE]
	at org.springframework.web.filter.OncePerRequestFilter.doFilter(OncePerRequestFilter.java:119) [spring-web-5.2.10.RELEASE.jar:5.2.10.RELEASE]
	at org.apache.catalina.core.ApplicationFilterChain.internalDoFilter(ApplicationFilterChain.java:193) [tomcat-embed-core-9.0.39.jar:9.0.39]
	at org.apache.catalina.core.ApplicationFilterChain.doFilter(ApplicationFilterChain.java:166) [tomcat-embed-core-9.0.39.jar:9.0.39]
	at org.apache.catalina.core.StandardWrapperValve.invoke(StandardWrapperValve.java:202) [tomcat-embed-core-9.0.39.jar:9.0.39]
	at org.apache.catalina.core.StandardContextValve.invoke(StandardContextValve.java:97) [tomcat-embed-core-9.0.39.jar:9.0.39]
	at org.apache.catalina.authenticator.AuthenticatorBase.invoke(AuthenticatorBase.java:542) [tomcat-embed-core-9.0.39.jar:9.0.39]
	at org.apache.catalina.core.StandardHostValve.invoke(StandardHostValve.java:143) [tomcat-embed-core-9.0.39.jar:9.0.39]
	at org.apache.catalina.valves.ErrorReportValve.invoke(ErrorReportValve.java:92) [tomcat-embed-core-9.0.39.jar:9.0.39]
	at org.apache.catalina.core.StandardEngineValve.invoke(StandardEngineValve.java:78) [tomcat-embed-core-9.0.39.jar:9.0.39]
	at org.apache.catalina.connector.CoyoteAdapter.service(CoyoteAdapter.java:343) [tomcat-embed-core-9.0.39.jar:9.0.39]
	at org.apache.coyote.http11.Http11Processor.service(Http11Processor.java:374) [tomcat-embed-core-9.0.39.jar:9.0.39]
	at org.apache.coyote.AbstractProcessorLight.process(AbstractProcessorLight.java:65) [tomcat-embed-core-9.0.39.jar:9.0.39]
	at org.apache.coyote.AbstractProtocol$ConnectionHandler.process(AbstractProtocol.java:868) [tomcat-embed-core-9.0.39.jar:9.0.39]
	at org.apache.tomcat.util.net.NioEndpoint$SocketProcessor.doRun(NioEndpoint.java:1590) [tomcat-embed-core-9.0.39.jar:9.0.39]
	at org.apache.tomcat.util.net.SocketProcessorBase.run(SocketProcessorBase.java:49) [tomcat-embed-core-9.0.39.jar:9.0.39]
	at java.util.concurrent.ThreadPoolExecutor.runWorker(ThreadPoolExecutor.java:1128) [?:?]
	at java.util.concurrent.ThreadPoolExecutor$Worker.run(ThreadPoolExecutor.java:628) [?:?]
	at org.apache.tomcat.util.threads.TaskThread$WrappingRunnable.run(TaskThread.java:61) [tomcat-embed-core-9.0.39.jar:9.0.39]
	at java.lang.Thread.run(Thread.java:834) [?:?]
