2021-05-15 18:57:01 WARN [restartedMain][ConfigServicePropertySourceLocator.java:161] - Could not locate PropertySource: I/O error on GET request for "http://localhost:8888/backgroundSystem/default": Connection refused: connect; nested exception is java.net.ConnectException: Connection refused: connect
2021-05-15 18:57:04 WARN [restartedMain][EndpointId.java:155] - Endpoint ID 'service-registry' contains invalid characters, please migrate to a valid format.
2021-05-15 18:57:04 WARN [restartedMain][EndpointId.java:155] - Endpoint ID 'hystrix.stream' contains invalid characters, please migrate to a valid format.
2021-05-15 18:57:08 WARN [restartedMain][URLConfigurationSource.java:121] - No URLs will be polled as dynamic configuration sources.
2021-05-15 18:57:19 WARN [restartedMain][URLConfigurationSource.java:121] - No URLs will be polled as dynamic configuration sources.
2021-05-15 18:57:24 WARN [restartedMain][OptionalLiveReloadServer.java:61] - Unable to start LiveReload server
2021-05-15 18:57:26 WARN [restartedMain][BlockingLoadBalancerClientAutoConfiguration.java:86] - You already have RibbonLoadBalancerClient on your classpath. It will be used by default. As Spring Cloud Ribbon is in maintenance mode. We recommend switching to BlockingLoadBalancerClient instead. In order to use it, set the value of `spring.cloud.loadbalancer.ribbon.enabled` to `false` or remove spring-cloud-starter-netflix-ribbon from your project.
2021-05-15 18:57:34 WARN [RMI TCP Connection(8)-192.168.12.1][ConfigServicePropertySourceLocator.java:161] - Could not locate PropertySource: None of labels [] found
2021-05-15 21:01:52 WARN [restartedMain][ConfigServicePropertySourceLocator.java:161] - Could not locate PropertySource: I/O error on GET request for "http://localhost:8888/backgroundSystem/default": Connection refused: connect; nested exception is java.net.ConnectException: Connection refused: connect
2021-05-15 21:01:57 WARN [restartedMain][EndpointId.java:155] - Endpoint ID 'service-registry' contains invalid characters, please migrate to a valid format.
2021-05-15 21:01:57 WARN [restartedMain][EndpointId.java:155] - Endpoint ID 'hystrix.stream' contains invalid characters, please migrate to a valid format.
2021-05-15 21:01:59 WARN [restartedMain][URLConfigurationSource.java:121] - No URLs will be polled as dynamic configuration sources.
2021-05-15 21:02:08 WARN [restartedMain][URLConfigurationSource.java:121] - No URLs will be polled as dynamic configuration sources.
2021-05-15 21:02:12 WARN [restartedMain][OptionalLiveReloadServer.java:61] - Unable to start LiveReload server
2021-05-15 21:02:15 WARN [restartedMain][BlockingLoadBalancerClientAutoConfiguration.java:86] - You already have RibbonLoadBalancerClient on your classpath. It will be used by default. As Spring Cloud Ribbon is in maintenance mode. We recommend switching to BlockingLoadBalancerClient instead. In order to use it, set the value of `spring.cloud.loadbalancer.ribbon.enabled` to `false` or remove spring-cloud-starter-netflix-ribbon from your project.
2021-05-15 21:02:24 WARN [RMI TCP Connection(9)-192.168.12.1][ConfigServicePropertySourceLocator.java:161] - Could not locate PropertySource: None of labels [] found
2021-05-15 21:30:10 WARN [Thread-1][DiscoveryClient.java:1351] - Saw local status change event StatusChangeEvent [timestamp=1621085409988, current=DOWN, previous=UP]
2021-05-15 21:31:20 WARN [restartedMain][ConfigServicePropertySourceLocator.java:161] - Could not locate PropertySource: I/O error on GET request for "http://localhost:8888/backgroundSystem/default": Connection refused: connect; nested exception is java.net.ConnectException: Connection refused: connect
2021-05-15 21:31:44 WARN [restartedMain][URLConfigurationSource.java:121] - No URLs will be polled as dynamic configuration sources.
2021-05-15 21:31:51 WARN [restartedMain][URLConfigurationSource.java:121] - No URLs will be polled as dynamic configuration sources.
2021-05-15 21:31:56 WARN [restartedMain][OptionalLiveReloadServer.java:61] - Unable to start LiveReload server
2021-05-15 21:31:58 WARN [restartedMain][BlockingLoadBalancerClientAutoConfiguration.java:86] - You already have RibbonLoadBalancerClient on your classpath. It will be used by default. As Spring Cloud Ribbon is in maintenance mode. We recommend switching to BlockingLoadBalancerClient instead. In order to use it, set the value of `spring.cloud.loadbalancer.ribbon.enabled` to `false` or remove spring-cloud-starter-netflix-ribbon from your project.
2021-05-15 21:57:00 WARN [Thread-9][DiscoveryClient.java:1351] - Saw local status change event StatusChangeEvent [timestamp=1621087018929, current=DOWN, previous=UP]
2021-05-15 21:57:55 WARN [restartedMain][ConfigServicePropertySourceLocator.java:161] - Could not locate PropertySource: None of labels [] found
2021-05-15 21:58:01 WARN [restartedMain][URLConfigurationSource.java:121] - No URLs will be polled as dynamic configuration sources.
2021-05-15 21:58:04 WARN [restartedMain][URLConfigurationSource.java:121] - No URLs will be polled as dynamic configuration sources.
2021-05-15 21:58:08 WARN [restartedMain][OptionalLiveReloadServer.java:61] - Unable to start LiveReload server
2021-05-15 21:58:11 WARN [restartedMain][BlockingLoadBalancerClientAutoConfiguration.java:86] - You already have RibbonLoadBalancerClient on your classpath. It will be used by default. As Spring Cloud Ribbon is in maintenance mode. We recommend switching to BlockingLoadBalancerClient instead. In order to use it, set the value of `spring.cloud.loadbalancer.ribbon.enabled` to `false` or remove spring-cloud-starter-netflix-ribbon from your project.
2021-05-15 21:59:50 WARN [DiscoveryClient-CacheRefreshExecutor-0][RetryableEurekaHttpClient.java:130] - Request execution failed with message: java.net.SocketTimeoutException: Read timed out
2021-05-15 21:59:50 WARN [DiscoveryClient-HeartbeatExecutor-0][RetryableEurekaHttpClient.java:130] - Request execution failed with message: java.net.SocketTimeoutException: Read timed out
2021-05-15 22:05:17 WARN [restartedMain][ConfigServicePropertySourceLocator.java:161] - Could not locate PropertySource: I/O error on GET request for "http://localhost:8888/backgroundSystem/default": Connection refused: connect; nested exception is java.net.ConnectException: Connection refused: connect
2021-05-15 22:05:19 WARN [restartedMain][EndpointId.java:155] - Endpoint ID 'service-registry' contains invalid characters, please migrate to a valid format.
2021-05-15 22:05:19 WARN [restartedMain][EndpointId.java:155] - Endpoint ID 'hystrix.stream' contains invalid characters, please migrate to a valid format.
2021-05-15 22:05:21 WARN [restartedMain][URLConfigurationSource.java:121] - No URLs will be polled as dynamic configuration sources.
2021-05-15 22:05:27 WARN [restartedMain][URLConfigurationSource.java:121] - No URLs will be polled as dynamic configuration sources.
2021-05-15 22:05:31 WARN [restartedMain][OptionalLiveReloadServer.java:61] - Unable to start LiveReload server
2021-05-15 22:05:34 WARN [restartedMain][BlockingLoadBalancerClientAutoConfiguration.java:86] - You already have RibbonLoadBalancerClient on your classpath. It will be used by default. As Spring Cloud Ribbon is in maintenance mode. We recommend switching to BlockingLoadBalancerClient instead. In order to use it, set the value of `spring.cloud.loadbalancer.ribbon.enabled` to `false` or remove spring-cloud-starter-netflix-ribbon from your project.
2021-05-15 22:05:45 WARN [RMI TCP Connection(6)-192.168.12.1][ConfigServicePropertySourceLocator.java:161] - Could not locate PropertySource: I/O error on GET request for "http://localhost:8888/backgroundSystem/default": Connection refused: connect; nested exception is java.net.ConnectException: Connection refused: connect
2021-05-19 17:59:10 WARN [restartedMain][ConfigServicePropertySourceLocator.java:161] - Could not locate PropertySource: None of labels [] found
2021-05-19 17:59:12 WARN [restartedMain][EndpointId.java:155] - Endpoint ID 'service-registry' contains invalid characters, please migrate to a valid format.
2021-05-19 17:59:12 WARN [restartedMain][EndpointId.java:155] - Endpoint ID 'hystrix.stream' contains invalid characters, please migrate to a valid format.
2021-05-19 17:59:13 WARN [restartedMain][URLConfigurationSource.java:121] - No URLs will be polled as dynamic configuration sources.
2021-05-19 17:59:15 WARN [restartedMain][AbstractApplicationContext.java:559] - Exception encountered during context initialization - cancelling refresh attempt: org.springframework.beans.factory.UnsatisfiedDependencyException: Error creating bean with name 'newsRoleController': Unsatisfied dependency expressed through field 'newsRoleService'; nested exception is org.springframework.beans.factory.UnsatisfiedDependencyException: Error creating bean with name 'newsRoleServiceImpl': Unsatisfied dependency expressed through field 'baseMapper'; nested exception is org.springframework.beans.factory.UnsatisfiedDependencyException: Error creating bean with name 'newsRoleMapper' defined in file [E:\装机\桌面\java\SchoolOfJournalismAndCommunicationNewsNetwork\backgroundSystem\target\classes\com\pdsu\sojacnn\mapper\NewsRoleMapper.class]: Unsatisfied dependency expressed through bean property 'sqlSessionFactory'; nested exception is org.springframework.beans.factory.UnsatisfiedDependencyException: Error creating bean with name 'sqlSessionFactory' defined in class path resource [com/baomidou/mybatisplus/autoconfigure/MybatisPlusAutoConfiguration.class]: Unsatisfied dependency expressed through method 'sqlSessionFactory' parameter 0; nested exception is org.springframework.beans.factory.BeanCreationException: Error creating bean with name 'hikariDataSource' defined in class path resource [com/pdsu/sojacnn/config/BackgroundSystemConfig.class]: Bean instantiation via factory method failed; nested exception is org.springframework.beans.BeanInstantiationException: Failed to instantiate [javax.sql.DataSource]: Factory method 'hikariDataSource' threw exception; nested exception is com.zaxxer.hikari.pool.HikariPool$PoolInitializationException: Failed to initialize pool: Public Key Retrieval is not allowed
2021-05-19 17:59:15 WARN [restartedMain][DirectJDKLog.java:173] - The web application [ROOT] appears to have started a thread named [RxIoScheduler-1 (Evictor)] but has failed to stop it. This is very likely to create a memory leak. Stack trace of thread:
 java.base@12.0.2/jdk.internal.misc.Unsafe.park(Native Method)
 java.base@12.0.2/java.util.concurrent.locks.LockSupport.parkNanos(LockSupport.java:235)
 java.base@12.0.2/java.util.concurrent.locks.AbstractQueuedSynchronizer$ConditionObject.awaitNanos(AbstractQueuedSynchronizer.java:2123)
 java.base@12.0.2/java.util.concurrent.ScheduledThreadPoolExecutor$DelayedWorkQueue.take(ScheduledThreadPoolExecutor.java:1182)
 java.base@12.0.2/java.util.concurrent.ScheduledThreadPoolExecutor$DelayedWorkQueue.take(ScheduledThreadPoolExecutor.java:899)
 java.base@12.0.2/java.util.concurrent.ThreadPoolExecutor.getTask(ThreadPoolExecutor.java:1054)
 java.base@12.0.2/java.util.concurrent.ThreadPoolExecutor.runWorker(ThreadPoolExecutor.java:1114)
 java.base@12.0.2/java.util.concurrent.ThreadPoolExecutor$Worker.run(ThreadPoolExecutor.java:628)
 java.base@12.0.2/java.lang.Thread.run(Thread.java:835)
2021-05-19 18:00:05 WARN [restartedMain][ConfigServicePropertySourceLocator.java:161] - Could not locate PropertySource: None of labels [] found
2021-05-19 18:00:06 WARN [restartedMain][EndpointId.java:155] - Endpoint ID 'service-registry' contains invalid characters, please migrate to a valid format.
2021-05-19 18:00:06 WARN [restartedMain][EndpointId.java:155] - Endpoint ID 'hystrix.stream' contains invalid characters, please migrate to a valid format.
2021-05-19 18:00:07 WARN [restartedMain][URLConfigurationSource.java:121] - No URLs will be polled as dynamic configuration sources.
2021-05-19 18:00:10 WARN [restartedMain][AbstractApplicationContext.java:559] - Exception encountered during context initialization - cancelling refresh attempt: org.springframework.beans.factory.UnsatisfiedDependencyException: Error creating bean with name 'newsRoleController': Unsatisfied dependency expressed through field 'newsRoleService'; nested exception is org.springframework.beans.factory.UnsatisfiedDependencyException: Error creating bean with name 'newsRoleServiceImpl': Unsatisfied dependency expressed through field 'baseMapper'; nested exception is org.springframework.beans.factory.UnsatisfiedDependencyException: Error creating bean with name 'newsRoleMapper' defined in file [E:\装机\桌面\java\SchoolOfJournalismAndCommunicationNewsNetwork\backgroundSystem\target\classes\com\pdsu\sojacnn\mapper\NewsRoleMapper.class]: Unsatisfied dependency expressed through bean property 'sqlSessionFactory'; nested exception is org.springframework.beans.factory.UnsatisfiedDependencyException: Error creating bean with name 'sqlSessionFactory' defined in class path resource [com/baomidou/mybatisplus/autoconfigure/MybatisPlusAutoConfiguration.class]: Unsatisfied dependency expressed through method 'sqlSessionFactory' parameter 0; nested exception is org.springframework.beans.factory.BeanCreationException: Error creating bean with name 'hikariDataSource' defined in class path resource [com/pdsu/sojacnn/config/BackgroundSystemConfig.class]: Bean instantiation via factory method failed; nested exception is org.springframework.beans.BeanInstantiationException: Failed to instantiate [javax.sql.DataSource]: Factory method 'hikariDataSource' threw exception; nested exception is com.zaxxer.hikari.pool.HikariPool$PoolInitializationException: Failed to initialize pool: Public Key Retrieval is not allowed
2021-05-19 18:00:10 WARN [restartedMain][DirectJDKLog.java:173] - The web application [ROOT] appears to have started a thread named [RxIoScheduler-1 (Evictor)] but has failed to stop it. This is very likely to create a memory leak. Stack trace of thread:
 java.base@12.0.2/jdk.internal.misc.Unsafe.park(Native Method)
 java.base@12.0.2/java.util.concurrent.locks.LockSupport.parkNanos(LockSupport.java:235)
 java.base@12.0.2/java.util.concurrent.locks.AbstractQueuedSynchronizer$ConditionObject.awaitNanos(AbstractQueuedSynchronizer.java:2123)
 java.base@12.0.2/java.util.concurrent.ScheduledThreadPoolExecutor$DelayedWorkQueue.take(ScheduledThreadPoolExecutor.java:1182)
 java.base@12.0.2/java.util.concurrent.ScheduledThreadPoolExecutor$DelayedWorkQueue.take(ScheduledThreadPoolExecutor.java:899)
 java.base@12.0.2/java.util.concurrent.ThreadPoolExecutor.getTask(ThreadPoolExecutor.java:1054)
 java.base@12.0.2/java.util.concurrent.ThreadPoolExecutor.runWorker(ThreadPoolExecutor.java:1114)
 java.base@12.0.2/java.util.concurrent.ThreadPoolExecutor$Worker.run(ThreadPoolExecutor.java:628)
 java.base@12.0.2/java.lang.Thread.run(Thread.java:835)
2021-05-19 18:05:43 WARN [restartedMain][ConfigServicePropertySourceLocator.java:161] - Could not locate PropertySource: None of labels [] found
2021-05-19 18:05:44 WARN [restartedMain][EndpointId.java:155] - Endpoint ID 'service-registry' contains invalid characters, please migrate to a valid format.
2021-05-19 18:05:44 WARN [restartedMain][EndpointId.java:155] - Endpoint ID 'hystrix.stream' contains invalid characters, please migrate to a valid format.
2021-05-19 18:05:46 WARN [restartedMain][URLConfigurationSource.java:121] - No URLs will be polled as dynamic configuration sources.
2021-05-19 18:05:47 WARN [restartedMain][URLConfigurationSource.java:121] - No URLs will be polled as dynamic configuration sources.
2021-05-19 18:05:50 WARN [restartedMain][OptionalLiveReloadServer.java:61] - Unable to start LiveReload server
2021-05-19 18:05:50 WARN [restartedMain][BlockingLoadBalancerClientAutoConfiguration.java:86] - You already have RibbonLoadBalancerClient on your classpath. It will be used by default. As Spring Cloud Ribbon is in maintenance mode. We recommend switching to BlockingLoadBalancerClient instead. In order to use it, set the value of `spring.cloud.loadbalancer.ribbon.enabled` to `false` or remove spring-cloud-starter-netflix-ribbon from your project.
2021-05-19 18:49:24 WARN [Thread-1][DiscoveryClient.java:1351] - Saw local status change event StatusChangeEvent [timestamp=1621421364516, current=DOWN, previous=UP]
2021-05-19 18:49:40 WARN [restartedMain][ConfigServicePropertySourceLocator.java:161] - Could not locate PropertySource: None of labels [] found
2021-05-19 18:49:41 WARN [restartedMain][EndpointId.java:155] - Endpoint ID 'service-registry' contains invalid characters, please migrate to a valid format.
2021-05-19 18:49:41 WARN [restartedMain][EndpointId.java:155] - Endpoint ID 'hystrix.stream' contains invalid characters, please migrate to a valid format.
2021-05-19 18:49:42 WARN [restartedMain][URLConfigurationSource.java:121] - No URLs will be polled as dynamic configuration sources.
2021-05-19 18:49:44 WARN [restartedMain][URLConfigurationSource.java:121] - No URLs will be polled as dynamic configuration sources.
2021-05-19 18:49:45 WARN [restartedMain][OptionalLiveReloadServer.java:61] - Unable to start LiveReload server
2021-05-19 18:49:46 WARN [restartedMain][BlockingLoadBalancerClientAutoConfiguration.java:86] - You already have RibbonLoadBalancerClient on your classpath. It will be used by default. As Spring Cloud Ribbon is in maintenance mode. We recommend switching to BlockingLoadBalancerClient instead. In order to use it, set the value of `spring.cloud.loadbalancer.ribbon.enabled` to `false` or remove spring-cloud-starter-netflix-ribbon from your project.
2021-05-19 18:55:23 WARN [Thread-1][DiscoveryClient.java:1351] - Saw local status change event StatusChangeEvent [timestamp=1621421723674, current=DOWN, previous=UP]
2021-05-19 18:55:31 WARN [restartedMain][ConfigServicePropertySourceLocator.java:161] - Could not locate PropertySource: I/O error on GET request for "http://localhost:8888/backgroundSystem/default": Connection refused: connect; nested exception is java.net.ConnectException: Connection refused: connect
2021-05-19 18:55:32 WARN [restartedMain][URLConfigurationSource.java:121] - No URLs will be polled as dynamic configuration sources.
2021-05-19 18:55:33 WARN [restartedMain][URLConfigurationSource.java:121] - No URLs will be polled as dynamic configuration sources.
2021-05-19 18:55:34 WARN [restartedMain][OptionalLiveReloadServer.java:61] - Unable to start LiveReload server
2021-05-19 18:55:35 WARN [restartedMain][BlockingLoadBalancerClientAutoConfiguration.java:86] - You already have RibbonLoadBalancerClient on your classpath. It will be used by default. As Spring Cloud Ribbon is in maintenance mode. We recommend switching to BlockingLoadBalancerClient instead. In order to use it, set the value of `spring.cloud.loadbalancer.ribbon.enabled` to `false` or remove spring-cloud-starter-netflix-ribbon from your project.
2021-05-19 18:56:16 WARN [Thread-9][DiscoveryClient.java:1351] - Saw local status change event StatusChangeEvent [timestamp=1621421776632, current=DOWN, previous=UP]
2021-05-19 18:56:24 WARN [restartedMain][ConfigServicePropertySourceLocator.java:161] - Could not locate PropertySource: I/O error on GET request for "http://localhost:8888/backgroundSystem/default": Connection refused: connect; nested exception is java.net.ConnectException: Connection refused: connect
2021-05-19 18:56:24 WARN [restartedMain][URLConfigurationSource.java:121] - No URLs will be polled as dynamic configuration sources.
2021-05-19 18:56:25 WARN [restartedMain][URLConfigurationSource.java:121] - No URLs will be polled as dynamic configuration sources.
2021-05-19 18:56:27 WARN [restartedMain][OptionalLiveReloadServer.java:61] - Unable to start LiveReload server
2021-05-19 18:56:28 WARN [restartedMain][BlockingLoadBalancerClientAutoConfiguration.java:86] - You already have RibbonLoadBalancerClient on your classpath. It will be used by default. As Spring Cloud Ribbon is in maintenance mode. We recommend switching to BlockingLoadBalancerClient instead. In order to use it, set the value of `spring.cloud.loadbalancer.ribbon.enabled` to `false` or remove spring-cloud-starter-netflix-ribbon from your project.
2021-05-19 18:59:12 WARN [restartedMain][ConfigServicePropertySourceLocator.java:161] - Could not locate PropertySource: None of labels [] found
2021-05-19 18:59:13 WARN [restartedMain][EndpointId.java:155] - Endpoint ID 'service-registry' contains invalid characters, please migrate to a valid format.
2021-05-19 18:59:13 WARN [restartedMain][EndpointId.java:155] - Endpoint ID 'hystrix.stream' contains invalid characters, please migrate to a valid format.
2021-05-19 18:59:14 WARN [restartedMain][URLConfigurationSource.java:121] - No URLs will be polled as dynamic configuration sources.
2021-05-19 18:59:15 WARN [restartedMain][URLConfigurationSource.java:121] - No URLs will be polled as dynamic configuration sources.
2021-05-19 18:59:16 WARN [restartedMain][OptionalLiveReloadServer.java:61] - Unable to start LiveReload server
2021-05-19 18:59:17 WARN [restartedMain][BlockingLoadBalancerClientAutoConfiguration.java:86] - You already have RibbonLoadBalancerClient on your classpath. It will be used by default. As Spring Cloud Ribbon is in maintenance mode. We recommend switching to BlockingLoadBalancerClient instead. In order to use it, set the value of `spring.cloud.loadbalancer.ribbon.enabled` to `false` or remove spring-cloud-starter-netflix-ribbon from your project.
2021-05-19 18:59:19 WARN [RMI TCP Connection(2)-10.2.18.34][ConfigServicePropertySourceLocator.java:161] - Could not locate PropertySource: None of labels [] found
2021-05-19 19:42:53 WARN [Thread-1][DiscoveryClient.java:1351] - Saw local status change event StatusChangeEvent [timestamp=1621424573271, current=DOWN, previous=UP]
2021-05-19 19:43:24 WARN [restartedMain][ConfigServicePropertySourceLocator.java:161] - Could not locate PropertySource: None of labels [] found
2021-05-19 19:43:25 WARN [restartedMain][URLConfigurationSource.java:121] - No URLs will be polled as dynamic configuration sources.
2021-05-19 19:43:26 WARN [restartedMain][URLConfigurationSource.java:121] - No URLs will be polled as dynamic configuration sources.
2021-05-19 19:43:27 WARN [restartedMain][OptionalLiveReloadServer.java:61] - Unable to start LiveReload server
2021-05-19 19:43:28 WARN [restartedMain][BlockingLoadBalancerClientAutoConfiguration.java:86] - You already have RibbonLoadBalancerClient on your classpath. It will be used by default. As Spring Cloud Ribbon is in maintenance mode. We recommend switching to BlockingLoadBalancerClient instead. In order to use it, set the value of `spring.cloud.loadbalancer.ribbon.enabled` to `false` or remove spring-cloud-starter-netflix-ribbon from your project.
2021-05-19 20:01:52 WARN [Thread-9][DiscoveryClient.java:1351] - Saw local status change event StatusChangeEvent [timestamp=1621425712971, current=DOWN, previous=UP]
2021-05-19 20:02:02 WARN [restartedMain][ConfigServicePropertySourceLocator.java:161] - Could not locate PropertySource: I/O error on GET request for "http://localhost:8888/backgroundSystem/default": Connection refused: connect; nested exception is java.net.ConnectException: Connection refused: connect
2021-05-19 20:02:03 WARN [restartedMain][URLConfigurationSource.java:121] - No URLs will be polled as dynamic configuration sources.
2021-05-19 20:02:04 WARN [restartedMain][URLConfigurationSource.java:121] - No URLs will be polled as dynamic configuration sources.
2021-05-19 20:02:06 WARN [restartedMain][OptionalLiveReloadServer.java:61] - Unable to start LiveReload server
2021-05-19 20:02:07 WARN [restartedMain][BlockingLoadBalancerClientAutoConfiguration.java:86] - You already have RibbonLoadBalancerClient on your classpath. It will be used by default. As Spring Cloud Ribbon is in maintenance mode. We recommend switching to BlockingLoadBalancerClient instead. In order to use it, set the value of `spring.cloud.loadbalancer.ribbon.enabled` to `false` or remove spring-cloud-starter-netflix-ribbon from your project.
2021-05-19 20:04:41 WARN [Thread-17][DiscoveryClient.java:1351] - Saw local status change event StatusChangeEvent [timestamp=1621425881136, current=DOWN, previous=UP]
2021-05-19 20:04:50 WARN [restartedMain][ConfigServicePropertySourceLocator.java:161] - Could not locate PropertySource: I/O error on GET request for "http://localhost:8888/backgroundSystem/default": Connection refused: connect; nested exception is java.net.ConnectException: Connection refused: connect
2021-05-19 20:04:52 WARN [restartedMain][URLConfigurationSource.java:121] - No URLs will be polled as dynamic configuration sources.
2021-05-19 20:04:53 WARN [restartedMain][URLConfigurationSource.java:121] - No URLs will be polled as dynamic configuration sources.
2021-05-19 20:04:55 WARN [restartedMain][OptionalLiveReloadServer.java:61] - Unable to start LiveReload server
2021-05-19 20:04:56 WARN [restartedMain][BlockingLoadBalancerClientAutoConfiguration.java:86] - You already have RibbonLoadBalancerClient on your classpath. It will be used by default. As Spring Cloud Ribbon is in maintenance mode. We recommend switching to BlockingLoadBalancerClient instead. In order to use it, set the value of `spring.cloud.loadbalancer.ribbon.enabled` to `false` or remove spring-cloud-starter-netflix-ribbon from your project.
