2021-05-15 18:57:09 INFO [restartedMain][SpringApplication.java:651] - No active profile set, falling back to default profiles: default
2021-05-15 18:57:12 INFO [restartedMain][URLConfigurationSource.java:122] - To enable URLs as dynamic configuration sources, define System property archaius.configurationSource.additionalUrls or make config.properties available on classpath.
2021-05-15 18:57:12 INFO [restartedMain][DynamicPropertyFactory.java:281] - DynamicPropertyFactory is initialized with configuration sources: com.netflix.config.ConcurrentCompositeConfiguration@5812bc98
2021-05-15 18:57:15 INFO [restartedMain][GatewayConfig.java:37] - 系统初始化...允许以下 IP 进行访问: [*]
2021-05-15 18:57:15 INFO [restartedMain][GatewayConfig.java:39] - 系统初始化...允许添加以下请求头: [*]
2021-05-15 18:57:15 INFO [restartedMain][GatewayConfig.java:41] - 系统初始化...允许以下请求方式访问: [POST,  GET,  OPTIONS]
2021-05-15 18:57:15 INFO [restartedMain][GatewayConfig.java:43] - 系统初始化...允许以下请求头暴露: [Set-Cookie, Authorization, Cookie, rememberMe]
2021-05-15 18:57:15 INFO [restartedMain][GatewayConfig.java:45] - 系统初始化...是否允许保持用户认证状态: true
2021-05-15 18:57:21 INFO [restartedMain][URLConfigurationSource.java:122] - To enable URLs as dynamic configuration sources, define System property archaius.configurationSource.additionalUrls or make config.properties available on classpath.
2021-05-15 18:57:23 INFO [restartedMain][DiscoveryClient.java:371] - Initializing Eureka in region us-east-1
2021-05-15 18:57:23 INFO [restartedMain][DiscoveryJerseyProvider.java:70] - Using JSON encoding codec LegacyJacksonJson
2021-05-15 18:57:23 INFO [restartedMain][DiscoveryJerseyProvider.java:71] - Using JSON decoding codec LegacyJacksonJson
2021-05-15 18:57:24 INFO [restartedMain][DiscoveryJerseyProvider.java:80] - Using XML encoding codec XStreamXml
2021-05-15 18:57:24 INFO [restartedMain][DiscoveryJerseyProvider.java:81] - Using XML decoding codec XStreamXml
2021-05-15 18:57:24 INFO [restartedMain][ConfigClusterResolver.java:43] - Resolving eureka endpoints via configuration
2021-05-15 18:57:25 INFO [restartedMain][DiscoveryClient.java:1004] - Disable delta property : false
2021-05-15 18:57:25 INFO [restartedMain][DiscoveryClient.java:1005] - Single vip registry refresh property : null
2021-05-15 18:57:25 INFO [restartedMain][DiscoveryClient.java:1006] - Force full registry fetch : false
2021-05-15 18:57:25 INFO [restartedMain][DiscoveryClient.java:1007] - Application is null : false
2021-05-15 18:57:25 INFO [restartedMain][DiscoveryClient.java:1008] - Registered Applications size is zero : true
2021-05-15 18:57:25 INFO [restartedMain][DiscoveryClient.java:1010] - Application version is -1: true
2021-05-15 18:57:25 INFO [restartedMain][DiscoveryClient.java:1093] - Getting all instance registry info from the eureka server
2021-05-15 18:57:27 INFO [restartedMain][DiscoveryClient.java:1102] - The response status is 200
2021-05-15 18:57:27 INFO [restartedMain][DiscoveryClient.java:1317] - Starting heartbeat executor: renew interval is: 30
2021-05-15 18:57:27 INFO [restartedMain][InstanceInfoReplicator.java:60] - InstanceInfoReplicator onDemand update allowed rate per min is 4
2021-05-15 18:57:27 INFO [restartedMain][DiscoveryClient.java:491] - Discovery Client initialized at timestamp 1621076247139 with initial instances count: 0
2021-05-15 18:57:27 INFO [restartedMain][DiscoveryClient.java:1353] - Saw local status change event StatusChangeEvent [timestamp=1621076247148, current=UP, previous=STARTING]
2021-05-15 18:57:27 INFO [DiscoveryClient-InstanceInfoReplicator-0][DiscoveryClient.java:870] - DiscoveryClient_NEWSGATEWAY/Sojacnn_Gateway_01: registering service...
2021-05-15 18:57:27 INFO [DiscoveryClient-InstanceInfoReplicator-0][DiscoveryClient.java:879] - DiscoveryClient_NEWSGATEWAY/Sojacnn_Gateway_01 - registration status: 204
2021-05-15 18:57:32 INFO [restartedMain][StartupInfoLogger.java:61] - Started GateWayRun in 30.557 seconds (JVM running for 33.794)
2021-05-15 18:57:57 INFO [DiscoveryClient-CacheRefreshExecutor-0][DiscoveryClient.java:1004] - Disable delta property : false
2021-05-15 18:57:57 INFO [DiscoveryClient-CacheRefreshExecutor-0][DiscoveryClient.java:1005] - Single vip registry refresh property : null
2021-05-15 18:57:57 INFO [DiscoveryClient-CacheRefreshExecutor-0][DiscoveryClient.java:1006] - Force full registry fetch : false
2021-05-15 18:57:57 INFO [DiscoveryClient-CacheRefreshExecutor-0][DiscoveryClient.java:1007] - Application is null : false
2021-05-15 18:57:57 INFO [DiscoveryClient-CacheRefreshExecutor-0][DiscoveryClient.java:1008] - Registered Applications size is zero : true
2021-05-15 18:57:57 INFO [DiscoveryClient-CacheRefreshExecutor-0][DiscoveryClient.java:1010] - Application version is -1: false
2021-05-15 18:57:57 INFO [DiscoveryClient-CacheRefreshExecutor-0][DiscoveryClient.java:1093] - Getting all instance registry info from the eureka server
2021-05-15 18:57:57 INFO [DiscoveryClient-CacheRefreshExecutor-0][DiscoveryClient.java:1102] - The response status is 200
2021-05-15 18:58:51 INFO [http-nio-80-exec-6][ChainedDynamicProperty.java:115] - Flipping property: newsFeatureConsumer.ribbon.ActiveConnectionsLimit to use NEXT property: niws.loadbalancer.availabilityFilteringRule.activeConnectionsLimit = 2147483647
2021-05-15 18:58:51 INFO [http-nio-80-exec-6][ShutdownEnabledTimer.java:58] - Shutdown hook installed for: NFLoadBalancer-PingTimer-newsFeatureConsumer
2021-05-15 18:58:51 INFO [http-nio-80-exec-6][BaseLoadBalancer.java:197] - Client: newsFeatureConsumer instantiated a LoadBalancer: DynamicServerListLoadBalancer:{NFLoadBalancer:name=newsFeatureConsumer,current list of Servers=[],Load balancer stats=Zone stats: {},Server stats: []}ServerList:null
2021-05-15 18:58:51 INFO [http-nio-80-exec-6][DynamicServerListLoadBalancer.java:222] - Using serverListUpdater PollingServerListUpdater
2021-05-15 18:58:51 INFO [http-nio-80-exec-6][ChainedDynamicProperty.java:115] - Flipping property: newsFeatureConsumer.ribbon.ActiveConnectionsLimit to use NEXT property: niws.loadbalancer.availabilityFilteringRule.activeConnectionsLimit = 2147483647
2021-05-15 18:58:51 INFO [http-nio-80-exec-6][DynamicServerListLoadBalancer.java:150] - DynamicServerListLoadBalancer for client newsFeatureConsumer initialized: DynamicServerListLoadBalancer:{NFLoadBalancer:name=newsFeatureConsumer,current list of Servers=[192.168.79.1:8888],Load balancer stats=Zone stats: {defaultzone=[Zone:defaultzone;	Instance count:1;	Active connections count: 0;	Circuit breaker tripped count: 0;	Active connections per server: 0.0;]
},Server stats: [[Server:192.168.79.1:8888;	Zone:defaultZone;	Total Requests:0;	Successive connection failure:0;	Total blackout seconds:0;	Last connection made:Thu Jan 01 08:00:00 CST 1970;	First connection made: Thu Jan 01 08:00:00 CST 1970;	Active Connections:0;	total failure count in last (1000) msecs:0;	average resp time:0.0;	90 percentile resp time:0.0;	95 percentile resp time:0.0;	min resp time:0.0;	max resp time:0.0;	stddev resp time:0.0]
]}ServerList:org.springframework.cloud.netflix.ribbon.eureka.DomainExtractingServerList@7766316b
2021-05-15 18:58:52 INFO [PollingServerListUpdater-0][ChainedDynamicProperty.java:115] - Flipping property: newsFeatureConsumer.ribbon.ActiveConnectionsLimit to use NEXT property: niws.loadbalancer.availabilityFilteringRule.activeConnectionsLimit = 2147483647
2021-05-15 18:59:05 INFO [http-nio-80-exec-10][ChainedDynamicProperty.java:115] - Flipping property: backgroundSystemConsumer.ribbon.ActiveConnectionsLimit to use NEXT property: niws.loadbalancer.availabilityFilteringRule.activeConnectionsLimit = 2147483647
2021-05-15 18:59:05 INFO [http-nio-80-exec-10][ShutdownEnabledTimer.java:58] - Shutdown hook installed for: NFLoadBalancer-PingTimer-backgroundSystemConsumer
2021-05-15 18:59:05 INFO [http-nio-80-exec-10][BaseLoadBalancer.java:197] - Client: backgroundSystemConsumer instantiated a LoadBalancer: DynamicServerListLoadBalancer:{NFLoadBalancer:name=backgroundSystemConsumer,current list of Servers=[],Load balancer stats=Zone stats: {},Server stats: []}ServerList:null
2021-05-15 18:59:05 INFO [http-nio-80-exec-10][DynamicServerListLoadBalancer.java:222] - Using serverListUpdater PollingServerListUpdater
2021-05-15 18:59:05 INFO [http-nio-80-exec-10][ChainedDynamicProperty.java:115] - Flipping property: backgroundSystemConsumer.ribbon.ActiveConnectionsLimit to use NEXT property: niws.loadbalancer.availabilityFilteringRule.activeConnectionsLimit = 2147483647
2021-05-15 18:59:05 INFO [http-nio-80-exec-10][DynamicServerListLoadBalancer.java:150] - DynamicServerListLoadBalancer for client backgroundSystemConsumer initialized: DynamicServerListLoadBalancer:{NFLoadBalancer:name=backgroundSystemConsumer,current list of Servers=[192.168.79.1:8889],Load balancer stats=Zone stats: {defaultzone=[Zone:defaultzone;	Instance count:1;	Active connections count: 0;	Circuit breaker tripped count: 0;	Active connections per server: 0.0;]
},Server stats: [[Server:192.168.79.1:8889;	Zone:defaultZone;	Total Requests:0;	Successive connection failure:0;	Total blackout seconds:0;	Last connection made:Thu Jan 01 08:00:00 CST 1970;	First connection made: Thu Jan 01 08:00:00 CST 1970;	Active Connections:0;	total failure count in last (1000) msecs:0;	average resp time:0.0;	90 percentile resp time:0.0;	95 percentile resp time:0.0;	min resp time:0.0;	max resp time:0.0;	stddev resp time:0.0]
]}ServerList:org.springframework.cloud.netflix.ribbon.eureka.DomainExtractingServerList@60aa7677
2021-05-15 18:59:06 INFO [PollingServerListUpdater-0][ChainedDynamicProperty.java:115] - Flipping property: backgroundSystemConsumer.ribbon.ActiveConnectionsLimit to use NEXT property: niws.loadbalancer.availabilityFilteringRule.activeConnectionsLimit = 2147483647
2021-05-15 19:02:25 INFO [AsyncResolver-bootstrap-executor-0][ConfigClusterResolver.java:43] - Resolving eureka endpoints via configuration
2021-05-15 19:07:25 INFO [AsyncResolver-bootstrap-executor-0][ConfigClusterResolver.java:43] - Resolving eureka endpoints via configuration
2021-05-15 19:12:25 INFO [AsyncResolver-bootstrap-executor-0][ConfigClusterResolver.java:43] - Resolving eureka endpoints via configuration
2021-05-15 19:17:25 INFO [AsyncResolver-bootstrap-executor-0][ConfigClusterResolver.java:43] - Resolving eureka endpoints via configuration
2021-05-15 19:22:25 INFO [AsyncResolver-bootstrap-executor-0][ConfigClusterResolver.java:43] - Resolving eureka endpoints via configuration
2021-05-15 19:27:25 INFO [AsyncResolver-bootstrap-executor-0][ConfigClusterResolver.java:43] - Resolving eureka endpoints via configuration
2021-05-15 19:32:25 INFO [AsyncResolver-bootstrap-executor-0][ConfigClusterResolver.java:43] - Resolving eureka endpoints via configuration
2021-05-15 19:37:25 INFO [AsyncResolver-bootstrap-executor-0][ConfigClusterResolver.java:43] - Resolving eureka endpoints via configuration
2021-05-15 19:42:25 INFO [AsyncResolver-bootstrap-executor-0][ConfigClusterResolver.java:43] - Resolving eureka endpoints via configuration
2021-05-15 19:47:25 INFO [AsyncResolver-bootstrap-executor-0][ConfigClusterResolver.java:43] - Resolving eureka endpoints via configuration
2021-05-15 19:52:25 INFO [AsyncResolver-bootstrap-executor-0][ConfigClusterResolver.java:43] - Resolving eureka endpoints via configuration
2021-05-15 19:57:25 INFO [AsyncResolver-bootstrap-executor-0][ConfigClusterResolver.java:43] - Resolving eureka endpoints via configuration
2021-05-15 20:02:25 INFO [AsyncResolver-bootstrap-executor-0][ConfigClusterResolver.java:43] - Resolving eureka endpoints via configuration
2021-05-15 20:07:25 INFO [AsyncResolver-bootstrap-executor-0][ConfigClusterResolver.java:43] - Resolving eureka endpoints via configuration
2021-05-15 20:12:25 INFO [AsyncResolver-bootstrap-executor-0][ConfigClusterResolver.java:43] - Resolving eureka endpoints via configuration
