2021-05-15 18:57:34 WARN [restartedMain][ConfigServicePropertySourceLocator.java:161] - Could not locate PropertySource: None of labels [] found
2021-05-15 18:57:35 WARN [restartedMain][EndpointId.java:155] - Endpoint ID 'service-registry' contains invalid characters, please migrate to a valid format.
2021-05-15 18:57:35 WARN [restartedMain][EndpointId.java:155] - Endpoint ID 'hystrix.stream' contains invalid characters, please migrate to a valid format.
2021-05-15 18:57:36 WARN [restartedMain][URLConfigurationSource.java:121] - No URLs will be polled as dynamic configuration sources.
2021-05-15 18:57:39 WARN [restartedMain][URLConfigurationSource.java:121] - No URLs will be polled as dynamic configuration sources.
2021-05-15 18:57:41 WARN [restartedMain][OptionalLiveReloadServer.java:61] - Unable to start LiveReload server
2021-05-15 18:57:44 WARN [restartedMain][BlockingLoadBalancerClientAutoConfiguration.java:86] - You already have RibbonLoadBalancerClient on your classpath. It will be used by default. As Spring Cloud Ribbon is in maintenance mode. We recommend switching to BlockingLoadBalancerClient instead. In order to use it, set the value of `spring.cloud.loadbalancer.ribbon.enabled` to `false` or remove spring-cloud-starter-netflix-ribbon from your project.
2021-05-15 18:57:48 WARN [RMI TCP Connection(5)-192.168.12.1][ConfigServicePropertySourceLocator.java:161] - Could not locate PropertySource: None of labels [] found
2021-05-15 21:02:18 WARN [restartedMain][ConfigServicePropertySourceLocator.java:161] - Could not locate PropertySource: I/O error on GET request for "http://localhost:8888/newsFeature/default": Connection refused: connect; nested exception is java.net.ConnectException: Connection refused: connect
2021-05-15 21:02:20 WARN [restartedMain][EndpointId.java:155] - Endpoint ID 'service-registry' contains invalid characters, please migrate to a valid format.
2021-05-15 21:02:20 WARN [restartedMain][EndpointId.java:155] - Endpoint ID 'hystrix.stream' contains invalid characters, please migrate to a valid format.
2021-05-15 21:02:21 WARN [restartedMain][URLConfigurationSource.java:121] - No URLs will be polled as dynamic configuration sources.
2021-05-15 21:02:25 WARN [restartedMain][URLConfigurationSource.java:121] - No URLs will be polled as dynamic configuration sources.
2021-05-15 21:02:28 WARN [restartedMain][OptionalLiveReloadServer.java:61] - Unable to start LiveReload server
2021-05-15 21:02:31 WARN [restartedMain][BlockingLoadBalancerClientAutoConfiguration.java:86] - You already have RibbonLoadBalancerClient on your classpath. It will be used by default. As Spring Cloud Ribbon is in maintenance mode. We recommend switching to BlockingLoadBalancerClient instead. In order to use it, set the value of `spring.cloud.loadbalancer.ribbon.enabled` to `false` or remove spring-cloud-starter-netflix-ribbon from your project.
2021-05-15 21:02:35 WARN [RMI TCP Connection(3)-192.168.12.1][ConfigServicePropertySourceLocator.java:161] - Could not locate PropertySource: None of labels [] found
2021-05-15 21:17:06 WARN [http-nio-8001-exec-8][AbstractHandlerExceptionResolver.java:199] - Resolved [org.springframework.http.converter.HttpMessageNotReadableException: JSON parse error: Cannot deserialize value of type `java.util.Date` from String "2021-05-15T13:17:06.801+00:00": not a valid representation (error: Failed to parse Date value '2021-05-15T13:17:06.801+00:00': Unparseable date: "2021-05-15T13:17:06.801+00:00"); nested exception is com.fasterxml.jackson.databind.exc.InvalidFormatException: Cannot deserialize value of type `java.util.Date` from String "2021-05-15T13:17:06.801+00:00": not a valid representation (error: Failed to parse Date value '2021-05-15T13:17:06.801+00:00': Unparseable date: "2021-05-15T13:17:06.801+00:00")
 at [Source: (PushbackInputStream); line: 1, column: 50] (through reference chain: com.pdsu.sojacnn.bean.NewsTheme["createTime"])]
2021-05-15 21:21:52 WARN [http-nio-8001-exec-9][AbstractHandlerExceptionResolver.java:199] - Resolved [org.springframework.http.converter.HttpMessageNotReadableException: JSON parse error: Cannot deserialize value of type `java.util.Date` from String "2021-05-15T13:21:52.140+00:00": not a valid representation (error: Failed to parse Date value '2021-05-15T13:21:52.140+00:00': Unparseable date: "2021-05-15T13:21:52.140+00:00"); nested exception is com.fasterxml.jackson.databind.exc.InvalidFormatException: Cannot deserialize value of type `java.util.Date` from String "2021-05-15T13:21:52.140+00:00": not a valid representation (error: Failed to parse Date value '2021-05-15T13:21:52.140+00:00': Unparseable date: "2021-05-15T13:21:52.140+00:00")
 at [Source: (PushbackInputStream); line: 1, column: 50] (through reference chain: com.pdsu.sojacnn.bean.NewsTheme["createTime"])]
2021-05-15 21:32:19 WARN [restartedMain][ConfigServicePropertySourceLocator.java:161] - Could not locate PropertySource: None of labels [] found
2021-05-15 21:32:28 WARN [restartedMain][EndpointId.java:155] - Endpoint ID 'service-registry' contains invalid characters, please migrate to a valid format.
2021-05-15 21:32:28 WARN [restartedMain][EndpointId.java:155] - Endpoint ID 'hystrix.stream' contains invalid characters, please migrate to a valid format.
2021-05-15 21:32:33 WARN [restartedMain][URLConfigurationSource.java:121] - No URLs will be polled as dynamic configuration sources.
2021-05-15 21:32:38 WARN [restartedMain][URLConfigurationSource.java:121] - No URLs will be polled as dynamic configuration sources.
2021-05-15 21:32:41 WARN [restartedMain][OptionalLiveReloadServer.java:61] - Unable to start LiveReload server
2021-05-15 21:32:43 WARN [restartedMain][BlockingLoadBalancerClientAutoConfiguration.java:86] - You already have RibbonLoadBalancerClient on your classpath. It will be used by default. As Spring Cloud Ribbon is in maintenance mode. We recommend switching to BlockingLoadBalancerClient instead. In order to use it, set the value of `spring.cloud.loadbalancer.ribbon.enabled` to `false` or remove spring-cloud-starter-netflix-ribbon from your project.
2021-05-15 21:32:50 WARN [RMI TCP Connection(4)-192.168.12.1][ConfigServicePropertySourceLocator.java:161] - Could not locate PropertySource: None of labels [] found
2021-05-15 21:57:39 WARN [restartedMain][ConfigServicePropertySourceLocator.java:161] - Could not locate PropertySource: I/O error on GET request for "http://localhost:8888/newsFeature/default": Connection refused: connect; nested exception is java.net.ConnectException: Connection refused: connect
2021-05-15 21:57:57 WARN [restartedMain][EndpointId.java:155] - Endpoint ID 'service-registry' contains invalid characters, please migrate to a valid format.
2021-05-15 21:57:57 WARN [restartedMain][EndpointId.java:155] - Endpoint ID 'hystrix.stream' contains invalid characters, please migrate to a valid format.
2021-05-15 21:58:05 WARN [restartedMain][URLConfigurationSource.java:121] - No URLs will be polled as dynamic configuration sources.
2021-05-15 21:58:09 WARN [restartedMain][URLConfigurationSource.java:121] - No URLs will be polled as dynamic configuration sources.
2021-05-15 21:58:15 WARN [restartedMain][OptionalLiveReloadServer.java:61] - Unable to start LiveReload server
2021-05-15 21:58:18 WARN [restartedMain][BlockingLoadBalancerClientAutoConfiguration.java:86] - You already have RibbonLoadBalancerClient on your classpath. It will be used by default. As Spring Cloud Ribbon is in maintenance mode. We recommend switching to BlockingLoadBalancerClient instead. In order to use it, set the value of `spring.cloud.loadbalancer.ribbon.enabled` to `false` or remove spring-cloud-starter-netflix-ribbon from your project.
2021-05-15 21:58:33 WARN [RMI TCP Connection(5)-192.168.12.1][ConfigServicePropertySourceLocator.java:161] - Could not locate PropertySource: None of labels [] found
2021-05-15 22:05:04 WARN [restartedMain][ConfigServicePropertySourceLocator.java:161] - Could not locate PropertySource: I/O error on GET request for "http://localhost:8888/newsFeature/default": Connection refused: connect; nested exception is java.net.ConnectException: Connection refused: connect
2021-05-15 22:05:06 WARN [restartedMain][EndpointId.java:155] - Endpoint ID 'service-registry' contains invalid characters, please migrate to a valid format.
2021-05-15 22:05:06 WARN [restartedMain][EndpointId.java:155] - Endpoint ID 'hystrix.stream' contains invalid characters, please migrate to a valid format.
2021-05-15 22:05:08 WARN [restartedMain][URLConfigurationSource.java:121] - No URLs will be polled as dynamic configuration sources.
2021-05-15 22:05:11 WARN [restartedMain][URLConfigurationSource.java:121] - No URLs will be polled as dynamic configuration sources.
2021-05-15 22:05:15 WARN [restartedMain][OptionalLiveReloadServer.java:61] - Unable to start LiveReload server
2021-05-15 22:05:19 WARN [restartedMain][BlockingLoadBalancerClientAutoConfiguration.java:86] - You already have RibbonLoadBalancerClient on your classpath. It will be used by default. As Spring Cloud Ribbon is in maintenance mode. We recommend switching to BlockingLoadBalancerClient instead. In order to use it, set the value of `spring.cloud.loadbalancer.ribbon.enabled` to `false` or remove spring-cloud-starter-netflix-ribbon from your project.
2021-05-15 22:05:26 WARN [restartedMain][RetryableEurekaHttpClient.java:130] - Request execution failed with message: java.net.ConnectException: Connection refused: connect
2021-05-15 22:05:26 WARN [restartedMain][DiscoveryClient.java:303] - Using default backup registry implementation which does not do anything.
2021-05-15 22:05:31 WARN [DiscoveryClient-InstanceInfoReplicator-0][RetryableEurekaHttpClient.java:130] - Request execution failed with message: java.net.ConnectException: Connection refused: connect
2021-05-15 22:05:31 WARN [DiscoveryClient-InstanceInfoReplicator-0][DiscoveryClient.java:875] - DiscoveryClient_NEWSFEATURE/Sojacnn_NewsFeature_生产者_01 - registration failed Cannot execute request on any known server
com.netflix.discovery.shared.transport.TransportException: Cannot execute request on any known server
	at com.netflix.discovery.shared.transport.decorator.RetryableEurekaHttpClient.execute(RetryableEurekaHttpClient.java:112) ~[eureka-client-1.9.25.jar:1.9.25]
	at com.netflix.discovery.shared.transport.decorator.EurekaHttpClientDecorator.register(EurekaHttpClientDecorator.java:56) ~[eureka-client-1.9.25.jar:1.9.25]
	at com.netflix.discovery.shared.transport.decorator.EurekaHttpClientDecorator$1.execute(EurekaHttpClientDecorator.java:59) ~[eureka-client-1.9.25.jar:1.9.25]
	at com.netflix.discovery.shared.transport.decorator.SessionedEurekaHttpClient.execute(SessionedEurekaHttpClient.java:77) ~[eureka-client-1.9.25.jar:1.9.25]
	at com.netflix.discovery.shared.transport.decorator.EurekaHttpClientDecorator.register(EurekaHttpClientDecorator.java:56) ~[eureka-client-1.9.25.jar:1.9.25]
	at com.netflix.discovery.DiscoveryClient.register(DiscoveryClient.java:873) [eureka-client-1.9.25.jar:1.9.25]
	at com.netflix.discovery.InstanceInfoReplicator.run(InstanceInfoReplicator.java:121) [eureka-client-1.9.25.jar:1.9.25]
	at com.netflix.discovery.InstanceInfoReplicator$1.run(InstanceInfoReplicator.java:101) [eureka-client-1.9.25.jar:1.9.25]
	at java.util.concurrent.Executors$RunnableAdapter.call(Executors.java:515) [?:?]
	at java.util.concurrent.FutureTask.run(FutureTask.java:264) [?:?]
	at java.util.concurrent.ScheduledThreadPoolExecutor$ScheduledFutureTask.run(ScheduledThreadPoolExecutor.java:304) [?:?]
	at java.util.concurrent.ThreadPoolExecutor.runWorker(ThreadPoolExecutor.java:1128) [?:?]
	at java.util.concurrent.ThreadPoolExecutor$Worker.run(ThreadPoolExecutor.java:628) [?:?]
	at java.lang.Thread.run(Thread.java:834) [?:?]
2021-05-15 22:05:31 WARN [DiscoveryClient-InstanceInfoReplicator-0][InstanceInfoReplicator.java:125] - There was a problem with the instance info replicator
com.netflix.discovery.shared.transport.TransportException: Cannot execute request on any known server
	at com.netflix.discovery.shared.transport.decorator.RetryableEurekaHttpClient.execute(RetryableEurekaHttpClient.java:112) ~[eureka-client-1.9.25.jar:1.9.25]
	at com.netflix.discovery.shared.transport.decorator.EurekaHttpClientDecorator.register(EurekaHttpClientDecorator.java:56) ~[eureka-client-1.9.25.jar:1.9.25]
	at com.netflix.discovery.shared.transport.decorator.EurekaHttpClientDecorator$1.execute(EurekaHttpClientDecorator.java:59) ~[eureka-client-1.9.25.jar:1.9.25]
	at com.netflix.discovery.shared.transport.decorator.SessionedEurekaHttpClient.execute(SessionedEurekaHttpClient.java:77) ~[eureka-client-1.9.25.jar:1.9.25]
	at com.netflix.discovery.shared.transport.decorator.EurekaHttpClientDecorator.register(EurekaHttpClientDecorator.java:56) ~[eureka-client-1.9.25.jar:1.9.25]
	at com.netflix.discovery.DiscoveryClient.register(DiscoveryClient.java:873) ~[eureka-client-1.9.25.jar:1.9.25]
	at com.netflix.discovery.InstanceInfoReplicator.run(InstanceInfoReplicator.java:121) [eureka-client-1.9.25.jar:1.9.25]
	at com.netflix.discovery.InstanceInfoReplicator$1.run(InstanceInfoReplicator.java:101) [eureka-client-1.9.25.jar:1.9.25]
	at java.util.concurrent.Executors$RunnableAdapter.call(Executors.java:515) [?:?]
	at java.util.concurrent.FutureTask.run(FutureTask.java:264) [?:?]
	at java.util.concurrent.ScheduledThreadPoolExecutor$ScheduledFutureTask.run(ScheduledThreadPoolExecutor.java:304) [?:?]
	at java.util.concurrent.ThreadPoolExecutor.runWorker(ThreadPoolExecutor.java:1128) [?:?]
	at java.util.concurrent.ThreadPoolExecutor$Worker.run(ThreadPoolExecutor.java:628) [?:?]
	at java.lang.Thread.run(Thread.java:834) [?:?]
2021-05-15 22:05:33 WARN [RMI TCP Connection(6)-192.168.12.1][ConfigServicePropertySourceLocator.java:161] - Could not locate PropertySource: I/O error on GET request for "http://localhost:8888/newsFeature/default": Connection refused: connect; nested exception is java.net.ConnectException: Connection refused: connect
