2021-05-13 17:38:56 INFO [restartedMain][SpringApplication.java:651] - No active profile set, falling back to default profiles: default
2021-05-13 19:25:31 INFO [restartedMain][SpringApplication.java:651] - No active profile set, falling back to default profiles: default
2021-05-13 19:25:38 INFO [restartedMain][URLConfigurationSource.java:122] - To enable URLs as dynamic configuration sources, define System property archaius.configurationSource.additionalUrls or make config.properties available on classpath.
2021-05-13 19:25:38 INFO [restartedMain][URLConfigurationSource.java:122] - To enable URLs as dynamic configuration sources, define System property archaius.configurationSource.additionalUrls or make config.properties available on classpath.
2021-05-13 19:25:44 INFO [restartedMain][DiscoveryClient.java:371] - Initializing Eureka in region us-east-1
2021-05-13 19:25:45 INFO [restartedMain][DiscoveryJerseyProvider.java:70] - Using JSON encoding codec LegacyJacksonJson
2021-05-13 19:25:45 INFO [restartedMain][DiscoveryJerseyProvider.java:71] - Using JSON decoding codec LegacyJacksonJson
2021-05-13 19:25:45 INFO [restartedMain][DiscoveryJerseyProvider.java:80] - Using XML encoding codec XStreamXml
2021-05-13 19:25:45 INFO [restartedMain][DiscoveryJerseyProvider.java:81] - Using XML decoding codec XStreamXml
2021-05-13 19:25:45 INFO [restartedMain][ConfigClusterResolver.java:43] - Resolving eureka endpoints via configuration
2021-05-13 19:25:46 INFO [restartedMain][DiscoveryClient.java:1004] - Disable delta property : false
2021-05-13 19:25:46 INFO [restartedMain][DiscoveryClient.java:1005] - Single vip registry refresh property : null
2021-05-13 19:25:46 INFO [restartedMain][DiscoveryClient.java:1006] - Force full registry fetch : false
2021-05-13 19:25:46 INFO [restartedMain][DiscoveryClient.java:1007] - Application is null : false
2021-05-13 19:25:46 INFO [restartedMain][DiscoveryClient.java:1008] - Registered Applications size is zero : true
2021-05-13 19:25:46 INFO [restartedMain][DiscoveryClient.java:1010] - Application version is -1: true
2021-05-13 19:25:46 INFO [restartedMain][DiscoveryClient.java:1093] - Getting all instance registry info from the eureka server
2021-05-13 19:25:46 INFO [restartedMain][DiscoveryClient.java:1102] - The response status is 200
2021-05-13 19:25:46 INFO [restartedMain][DiscoveryClient.java:1317] - Starting heartbeat executor: renew interval is: 30
2021-05-13 19:25:46 INFO [restartedMain][InstanceInfoReplicator.java:60] - InstanceInfoReplicator onDemand update allowed rate per min is 4
2021-05-13 19:25:46 INFO [restartedMain][DiscoveryClient.java:491] - Discovery Client initialized at timestamp 1620905146822 with initial instances count: 1
2021-05-13 19:25:46 INFO [restartedMain][DiscoveryClient.java:1353] - Saw local status change event StatusChangeEvent [timestamp=1620905146829, current=UP, previous=STARTING]
2021-05-13 19:25:46 INFO [DiscoveryClient-InstanceInfoReplicator-0][DiscoveryClient.java:870] - DiscoveryClient_BACKGROUNDSYSTEMCONSUMER/Sojacnn_background_system_消费者_01: registering service...
2021-05-13 19:25:47 INFO [DiscoveryClient-InstanceInfoReplicator-0][DiscoveryClient.java:879] - DiscoveryClient_BACKGROUNDSYSTEMCONSUMER/Sojacnn_background_system_消费者_01 - registration status: 204
2021-05-13 19:25:49 INFO [restartedMain][StartupInfoLogger.java:61] - Started BackgroundSystemConsumerRun in 26.052 seconds (JVM running for 28.978)
2021-05-13 19:58:38 INFO [restartedMain][SpringApplication.java:651] - No active profile set, falling back to default profiles: default
2021-05-13 19:58:45 INFO [restartedMain][URLConfigurationSource.java:122] - To enable URLs as dynamic configuration sources, define System property archaius.configurationSource.additionalUrls or make config.properties available on classpath.
2021-05-13 19:58:45 INFO [restartedMain][URLConfigurationSource.java:122] - To enable URLs as dynamic configuration sources, define System property archaius.configurationSource.additionalUrls or make config.properties available on classpath.
2021-05-13 19:58:52 INFO [restartedMain][DiscoveryClient.java:371] - Initializing Eureka in region us-east-1
2021-05-13 19:58:53 INFO [restartedMain][DiscoveryJerseyProvider.java:70] - Using JSON encoding codec LegacyJacksonJson
2021-05-13 19:58:53 INFO [restartedMain][DiscoveryJerseyProvider.java:71] - Using JSON decoding codec LegacyJacksonJson
2021-05-13 19:58:55 INFO [restartedMain][DiscoveryJerseyProvider.java:80] - Using XML encoding codec XStreamXml
2021-05-13 19:58:55 INFO [restartedMain][DiscoveryJerseyProvider.java:81] - Using XML decoding codec XStreamXml
2021-05-13 19:58:56 INFO [restartedMain][ConfigClusterResolver.java:43] - Resolving eureka endpoints via configuration
2021-05-13 19:58:58 INFO [restartedMain][DiscoveryClient.java:1004] - Disable delta property : false
2021-05-13 19:58:58 INFO [restartedMain][DiscoveryClient.java:1005] - Single vip registry refresh property : null
2021-05-13 19:58:58 INFO [restartedMain][DiscoveryClient.java:1006] - Force full registry fetch : false
2021-05-13 19:58:58 INFO [restartedMain][DiscoveryClient.java:1007] - Application is null : false
2021-05-13 19:58:58 INFO [restartedMain][DiscoveryClient.java:1008] - Registered Applications size is zero : true
2021-05-13 19:58:58 INFO [restartedMain][DiscoveryClient.java:1010] - Application version is -1: true
2021-05-13 19:58:58 INFO [restartedMain][DiscoveryClient.java:1093] - Getting all instance registry info from the eureka server
2021-05-13 19:59:03 INFO [restartedMain][DiscoveryClient.java:442] - Initial registry fetch from primary servers failed
2021-05-13 19:59:03 INFO [restartedMain][DiscoveryClient.java:447] - Initial registry fetch from backup servers failed
2021-05-13 19:59:03 INFO [restartedMain][DiscoveryClient.java:1317] - Starting heartbeat executor: renew interval is: 30
2021-05-13 19:59:03 INFO [restartedMain][InstanceInfoReplicator.java:60] - InstanceInfoReplicator onDemand update allowed rate per min is 4
2021-05-13 19:59:03 INFO [restartedMain][DiscoveryClient.java:491] - Discovery Client initialized at timestamp 1620907143702 with initial instances count: 0
2021-05-13 19:59:03 INFO [restartedMain][DiscoveryClient.java:1353] - Saw local status change event StatusChangeEvent [timestamp=1620907143713, current=UP, previous=STARTING]
2021-05-13 19:59:03 INFO [DiscoveryClient-InstanceInfoReplicator-0][DiscoveryClient.java:870] - DiscoveryClient_BACKGROUNDSYSTEMCONSUMER/Sojacnn_background_system_消费者_01: registering service...
2021-05-13 19:59:07 INFO [restartedMain][StartupInfoLogger.java:61] - Started BackgroundSystemConsumerRun in 37.166 seconds (JVM running for 41.135)
2021-05-13 19:59:33 INFO [DiscoveryClient-CacheRefreshExecutor-0][DiscoveryClient.java:1004] - Disable delta property : false
2021-05-13 19:59:33 INFO [DiscoveryClient-CacheRefreshExecutor-0][DiscoveryClient.java:1005] - Single vip registry refresh property : null
2021-05-13 19:59:33 INFO [DiscoveryClient-CacheRefreshExecutor-0][DiscoveryClient.java:1006] - Force full registry fetch : false
2021-05-13 19:59:33 INFO [DiscoveryClient-CacheRefreshExecutor-0][DiscoveryClient.java:1007] - Application is null : false
2021-05-13 19:59:33 INFO [DiscoveryClient-CacheRefreshExecutor-0][DiscoveryClient.java:1008] - Registered Applications size is zero : true
2021-05-13 19:59:33 INFO [DiscoveryClient-CacheRefreshExecutor-0][DiscoveryClient.java:1010] - Application version is -1: true
2021-05-13 19:59:33 INFO [DiscoveryClient-CacheRefreshExecutor-0][DiscoveryClient.java:1093] - Getting all instance registry info from the eureka server
2021-05-13 19:59:33 INFO [DiscoveryClient-HeartbeatExecutor-0][DiscoveryClient.java:894] - DiscoveryClient_BACKGROUNDSYSTEMCONSUMER/Sojacnn_background_system_消费者_01 - Re-registering apps/BACKGROUNDSYSTEMCONSUMER
2021-05-13 19:59:33 INFO [DiscoveryClient-HeartbeatExecutor-0][DiscoveryClient.java:870] - DiscoveryClient_BACKGROUNDSYSTEMCONSUMER/Sojacnn_background_system_消费者_01: registering service...
2021-05-13 19:59:33 INFO [DiscoveryClient-CacheRefreshExecutor-0][DiscoveryClient.java:1102] - The response status is 200
2021-05-13 19:59:33 INFO [DiscoveryClient-HeartbeatExecutor-0][DiscoveryClient.java:879] - DiscoveryClient_BACKGROUNDSYSTEMCONSUMER/Sojacnn_background_system_消费者_01 - registration status: 204
2021-05-13 20:03:58 INFO [AsyncResolver-bootstrap-executor-0][ConfigClusterResolver.java:43] - Resolving eureka endpoints via configuration
2021-05-13 20:08:58 INFO [AsyncResolver-bootstrap-executor-0][ConfigClusterResolver.java:43] - Resolving eureka endpoints via configuration
2021-05-13 20:12:41 INFO [DiscoveryClient-InstanceInfoReplicator-0][DiscoveryClient.java:870] - DiscoveryClient_BACKGROUNDSYSTEMCONSUMER/Sojacnn_background_system_消费者_01: registering service...
2021-05-13 20:12:41 INFO [DiscoveryClient-InstanceInfoReplicator-0][DiscoveryClient.java:879] - DiscoveryClient_BACKGROUNDSYSTEMCONSUMER/Sojacnn_background_system_消费者_01 - registration status: 204
2021-05-13 20:12:42 INFO [SpringContextShutdownHook][URLConfigurationSource.java:122] - To enable URLs as dynamic configuration sources, define System property archaius.configurationSource.additionalUrls or make config.properties available on classpath.
2021-05-13 20:12:42 INFO [SpringContextShutdownHook][DiscoveryClient.java:932] - Shutting down DiscoveryClient ...
2021-05-13 20:12:45 INFO [SpringContextShutdownHook][DiscoveryClient.java:968] - Unregistering ...
2021-05-13 20:12:45 INFO [SpringContextShutdownHook][DiscoveryClient.java:970] - DiscoveryClient_BACKGROUNDSYSTEMCONSUMER/Sojacnn_background_system_消费者_01 - deregister  status: 200
2021-05-13 20:12:45 INFO [SpringContextShutdownHook][DiscoveryClient.java:957] - Completed shut down of DiscoveryClient
2021-05-13 20:13:01 INFO [restartedMain][SpringApplication.java:651] - No active profile set, falling back to default profiles: default
2021-05-13 20:13:06 INFO [restartedMain][URLConfigurationSource.java:122] - To enable URLs as dynamic configuration sources, define System property archaius.configurationSource.additionalUrls or make config.properties available on classpath.
2021-05-13 20:13:06 INFO [restartedMain][URLConfigurationSource.java:122] - To enable URLs as dynamic configuration sources, define System property archaius.configurationSource.additionalUrls or make config.properties available on classpath.
2021-05-13 20:13:11 INFO [restartedMain][DiscoveryClient.java:371] - Initializing Eureka in region us-east-1
2021-05-13 20:13:11 INFO [restartedMain][DiscoveryJerseyProvider.java:70] - Using JSON encoding codec LegacyJacksonJson
2021-05-13 20:13:11 INFO [restartedMain][DiscoveryJerseyProvider.java:71] - Using JSON decoding codec LegacyJacksonJson
2021-05-13 20:13:11 INFO [restartedMain][DiscoveryJerseyProvider.java:80] - Using XML encoding codec XStreamXml
2021-05-13 20:13:11 INFO [restartedMain][DiscoveryJerseyProvider.java:81] - Using XML decoding codec XStreamXml
2021-05-13 20:13:11 INFO [restartedMain][ConfigClusterResolver.java:43] - Resolving eureka endpoints via configuration
2021-05-13 20:13:12 INFO [restartedMain][DiscoveryClient.java:1004] - Disable delta property : false
2021-05-13 20:13:12 INFO [restartedMain][DiscoveryClient.java:1005] - Single vip registry refresh property : null
2021-05-13 20:13:12 INFO [restartedMain][DiscoveryClient.java:1006] - Force full registry fetch : false
2021-05-13 20:13:12 INFO [restartedMain][DiscoveryClient.java:1007] - Application is null : false
2021-05-13 20:13:12 INFO [restartedMain][DiscoveryClient.java:1008] - Registered Applications size is zero : true
2021-05-13 20:13:12 INFO [restartedMain][DiscoveryClient.java:1010] - Application version is -1: true
2021-05-13 20:13:12 INFO [restartedMain][DiscoveryClient.java:1093] - Getting all instance registry info from the eureka server
2021-05-13 20:13:12 INFO [restartedMain][DiscoveryClient.java:1102] - The response status is 200
2021-05-13 20:13:12 INFO [restartedMain][DiscoveryClient.java:1317] - Starting heartbeat executor: renew interval is: 30
2021-05-13 20:13:12 INFO [restartedMain][InstanceInfoReplicator.java:60] - InstanceInfoReplicator onDemand update allowed rate per min is 4
2021-05-13 20:13:12 INFO [restartedMain][DiscoveryClient.java:491] - Discovery Client initialized at timestamp 1620907992501 with initial instances count: 1
2021-05-13 20:13:12 INFO [restartedMain][DiscoveryClient.java:1353] - Saw local status change event StatusChangeEvent [timestamp=1620907992505, current=UP, previous=STARTING]
2021-05-13 20:13:12 INFO [DiscoveryClient-InstanceInfoReplicator-0][DiscoveryClient.java:870] - DiscoveryClient_BACKGROUNDSYSTEMCONSUMER/Sojacnn_background_system_消费者_01: registering service...
2021-05-13 20:13:12 INFO [DiscoveryClient-InstanceInfoReplicator-0][DiscoveryClient.java:879] - DiscoveryClient_BACKGROUNDSYSTEMCONSUMER/Sojacnn_background_system_消费者_01 - registration status: 204
2021-05-13 20:13:14 INFO [restartedMain][StartupInfoLogger.java:61] - Started BackgroundSystemConsumerRun in 20.25 seconds (JVM running for 22.201)
2021-05-13 20:13:58 INFO [restartedMain][SpringApplication.java:651] - No active profile set, falling back to default profiles: default
2021-05-13 20:14:02 INFO [restartedMain][URLConfigurationSource.java:122] - To enable URLs as dynamic configuration sources, define System property archaius.configurationSource.additionalUrls or make config.properties available on classpath.
2021-05-13 20:14:02 INFO [restartedMain][URLConfigurationSource.java:122] - To enable URLs as dynamic configuration sources, define System property archaius.configurationSource.additionalUrls or make config.properties available on classpath.
2021-05-13 20:14:07 INFO [restartedMain][DiscoveryClient.java:371] - Initializing Eureka in region us-east-1
2021-05-13 20:14:07 INFO [restartedMain][DiscoveryJerseyProvider.java:70] - Using JSON encoding codec LegacyJacksonJson
2021-05-13 20:14:07 INFO [restartedMain][DiscoveryJerseyProvider.java:71] - Using JSON decoding codec LegacyJacksonJson
2021-05-13 20:14:07 INFO [restartedMain][DiscoveryJerseyProvider.java:80] - Using XML encoding codec XStreamXml
2021-05-13 20:14:07 INFO [restartedMain][DiscoveryJerseyProvider.java:81] - Using XML decoding codec XStreamXml
2021-05-13 20:14:08 INFO [restartedMain][ConfigClusterResolver.java:43] - Resolving eureka endpoints via configuration
2021-05-13 20:14:09 INFO [restartedMain][DiscoveryClient.java:1004] - Disable delta property : false
2021-05-13 20:14:09 INFO [restartedMain][DiscoveryClient.java:1005] - Single vip registry refresh property : null
2021-05-13 20:14:09 INFO [restartedMain][DiscoveryClient.java:1006] - Force full registry fetch : false
2021-05-13 20:14:09 INFO [restartedMain][DiscoveryClient.java:1007] - Application is null : false
2021-05-13 20:14:09 INFO [restartedMain][DiscoveryClient.java:1008] - Registered Applications size is zero : true
2021-05-13 20:14:09 INFO [restartedMain][DiscoveryClient.java:1010] - Application version is -1: true
2021-05-13 20:14:09 INFO [restartedMain][DiscoveryClient.java:1093] - Getting all instance registry info from the eureka server
2021-05-13 20:14:11 INFO [restartedMain][DiscoveryClient.java:1102] - The response status is 200
2021-05-13 20:14:11 INFO [restartedMain][DiscoveryClient.java:1317] - Starting heartbeat executor: renew interval is: 30
2021-05-13 20:14:11 INFO [restartedMain][InstanceInfoReplicator.java:60] - InstanceInfoReplicator onDemand update allowed rate per min is 4
2021-05-13 20:14:11 INFO [restartedMain][DiscoveryClient.java:491] - Discovery Client initialized at timestamp 1620908051823 with initial instances count: 0
2021-05-13 20:14:11 INFO [restartedMain][DiscoveryClient.java:1353] - Saw local status change event StatusChangeEvent [timestamp=1620908051831, current=UP, previous=STARTING]
2021-05-13 20:14:11 INFO [DiscoveryClient-InstanceInfoReplicator-0][DiscoveryClient.java:870] - DiscoveryClient_BACKGROUNDSYSTEMCONSUMER/Sojacnn_background_system_消费者_01: registering service...
2021-05-13 20:14:11 INFO [DiscoveryClient-InstanceInfoReplicator-0][DiscoveryClient.java:879] - DiscoveryClient_BACKGROUNDSYSTEMCONSUMER/Sojacnn_background_system_消费者_01 - registration status: 204
2021-05-13 20:14:14 INFO [restartedMain][StartupInfoLogger.java:61] - Started BackgroundSystemConsumerRun in 23.631 seconds (JVM running for 25.458)
2021-05-13 20:14:41 INFO [DiscoveryClient-CacheRefreshExecutor-0][DiscoveryClient.java:1004] - Disable delta property : false
2021-05-13 20:14:41 INFO [DiscoveryClient-CacheRefreshExecutor-0][DiscoveryClient.java:1005] - Single vip registry refresh property : null
2021-05-13 20:14:41 INFO [DiscoveryClient-CacheRefreshExecutor-0][DiscoveryClient.java:1006] - Force full registry fetch : false
2021-05-13 20:14:41 INFO [DiscoveryClient-CacheRefreshExecutor-0][DiscoveryClient.java:1007] - Application is null : false
2021-05-13 20:14:41 INFO [DiscoveryClient-CacheRefreshExecutor-0][DiscoveryClient.java:1008] - Registered Applications size is zero : true
2021-05-13 20:14:41 INFO [DiscoveryClient-CacheRefreshExecutor-0][DiscoveryClient.java:1010] - Application version is -1: false
2021-05-13 20:14:41 INFO [DiscoveryClient-CacheRefreshExecutor-0][DiscoveryClient.java:1093] - Getting all instance registry info from the eureka server
2021-05-13 20:14:41 INFO [DiscoveryClient-CacheRefreshExecutor-0][DiscoveryClient.java:1102] - The response status is 200
2021-05-13 20:19:09 INFO [AsyncResolver-bootstrap-executor-0][ConfigClusterResolver.java:43] - Resolving eureka endpoints via configuration
2021-05-13 20:46:00 INFO [restartedMain][SpringApplication.java:651] - No active profile set, falling back to default profiles: default
2021-05-13 20:46:03 INFO [restartedMain][URLConfigurationSource.java:122] - To enable URLs as dynamic configuration sources, define System property archaius.configurationSource.additionalUrls or make config.properties available on classpath.
2021-05-13 20:46:03 INFO [restartedMain][URLConfigurationSource.java:122] - To enable URLs as dynamic configuration sources, define System property archaius.configurationSource.additionalUrls or make config.properties available on classpath.
2021-05-13 20:46:07 INFO [restartedMain][DiscoveryClient.java:371] - Initializing Eureka in region us-east-1
2021-05-13 20:46:07 INFO [restartedMain][DiscoveryJerseyProvider.java:70] - Using JSON encoding codec LegacyJacksonJson
2021-05-13 20:46:07 INFO [restartedMain][DiscoveryJerseyProvider.java:71] - Using JSON decoding codec LegacyJacksonJson
2021-05-13 20:46:07 INFO [restartedMain][DiscoveryJerseyProvider.java:80] - Using XML encoding codec XStreamXml
2021-05-13 20:46:07 INFO [restartedMain][DiscoveryJerseyProvider.java:81] - Using XML decoding codec XStreamXml
2021-05-13 20:46:07 INFO [restartedMain][ConfigClusterResolver.java:43] - Resolving eureka endpoints via configuration
2021-05-13 20:46:08 INFO [restartedMain][DiscoveryClient.java:1004] - Disable delta property : false
2021-05-13 20:46:08 INFO [restartedMain][DiscoveryClient.java:1005] - Single vip registry refresh property : null
2021-05-13 20:46:08 INFO [restartedMain][DiscoveryClient.java:1006] - Force full registry fetch : false
2021-05-13 20:46:08 INFO [restartedMain][DiscoveryClient.java:1007] - Application is null : false
2021-05-13 20:46:08 INFO [restartedMain][DiscoveryClient.java:1008] - Registered Applications size is zero : true
2021-05-13 20:46:08 INFO [restartedMain][DiscoveryClient.java:1010] - Application version is -1: true
2021-05-13 20:46:08 INFO [restartedMain][DiscoveryClient.java:1093] - Getting all instance registry info from the eureka server
2021-05-13 20:46:12 INFO [restartedMain][DiscoveryClient.java:442] - Initial registry fetch from primary servers failed
2021-05-13 20:46:12 INFO [restartedMain][DiscoveryClient.java:447] - Initial registry fetch from backup servers failed
2021-05-13 20:46:12 INFO [restartedMain][DiscoveryClient.java:1317] - Starting heartbeat executor: renew interval is: 30
2021-05-13 20:46:12 INFO [restartedMain][InstanceInfoReplicator.java:60] - InstanceInfoReplicator onDemand update allowed rate per min is 4
2021-05-13 20:46:12 INFO [restartedMain][DiscoveryClient.java:491] - Discovery Client initialized at timestamp 1620909972520 with initial instances count: 0
2021-05-13 20:46:12 INFO [restartedMain][DiscoveryClient.java:1353] - Saw local status change event StatusChangeEvent [timestamp=1620909972530, current=UP, previous=STARTING]
2021-05-13 20:46:12 INFO [DiscoveryClient-InstanceInfoReplicator-0][DiscoveryClient.java:870] - DiscoveryClient_BACKGROUNDSYSTEMCONSUMER/Sojacnn_background_system_消费者_01: registering service...
2021-05-13 20:46:15 INFO [restartedMain][StartupInfoLogger.java:61] - Started BackgroundSystemConsumerRun in 22.83 seconds (JVM running for 25.331)
2021-05-13 20:46:42 INFO [DiscoveryClient-CacheRefreshExecutor-0][DiscoveryClient.java:1004] - Disable delta property : false
2021-05-13 20:46:42 INFO [DiscoveryClient-CacheRefreshExecutor-0][DiscoveryClient.java:1005] - Single vip registry refresh property : null
2021-05-13 20:46:42 INFO [DiscoveryClient-CacheRefreshExecutor-0][DiscoveryClient.java:1006] - Force full registry fetch : false
2021-05-13 20:46:42 INFO [DiscoveryClient-CacheRefreshExecutor-0][DiscoveryClient.java:1007] - Application is null : false
2021-05-13 20:46:42 INFO [DiscoveryClient-CacheRefreshExecutor-0][DiscoveryClient.java:1008] - Registered Applications size is zero : true
2021-05-13 20:46:42 INFO [DiscoveryClient-CacheRefreshExecutor-0][DiscoveryClient.java:1010] - Application version is -1: true
2021-05-13 20:46:42 INFO [DiscoveryClient-CacheRefreshExecutor-0][DiscoveryClient.java:1093] - Getting all instance registry info from the eureka server
2021-05-13 20:46:42 INFO [DiscoveryClient-HeartbeatExecutor-0][DiscoveryClient.java:894] - DiscoveryClient_BACKGROUNDSYSTEMCONSUMER/Sojacnn_background_system_消费者_01 - Re-registering apps/BACKGROUNDSYSTEMCONSUMER
2021-05-13 20:46:42 INFO [DiscoveryClient-HeartbeatExecutor-0][DiscoveryClient.java:870] - DiscoveryClient_BACKGROUNDSYSTEMCONSUMER/Sojacnn_background_system_消费者_01: registering service...
2021-05-13 20:46:42 INFO [DiscoveryClient-CacheRefreshExecutor-0][DiscoveryClient.java:1102] - The response status is 200
2021-05-13 20:46:42 INFO [DiscoveryClient-HeartbeatExecutor-0][DiscoveryClient.java:879] - DiscoveryClient_BACKGROUNDSYSTEMCONSUMER/Sojacnn_background_system_消费者_01 - registration status: 204
2021-05-13 20:47:12 INFO [DiscoveryClient-CacheRefreshExecutor-0][DiscoveryClient.java:1004] - Disable delta property : false
2021-05-13 20:47:12 INFO [DiscoveryClient-CacheRefreshExecutor-0][DiscoveryClient.java:1005] - Single vip registry refresh property : null
2021-05-13 20:47:12 INFO [DiscoveryClient-CacheRefreshExecutor-0][DiscoveryClient.java:1006] - Force full registry fetch : false
2021-05-13 20:47:12 INFO [DiscoveryClient-CacheRefreshExecutor-0][DiscoveryClient.java:1007] - Application is null : false
2021-05-13 20:47:12 INFO [DiscoveryClient-CacheRefreshExecutor-0][DiscoveryClient.java:1008] - Registered Applications size is zero : true
2021-05-13 20:47:12 INFO [DiscoveryClient-CacheRefreshExecutor-0][DiscoveryClient.java:1010] - Application version is -1: false
2021-05-13 20:47:12 INFO [DiscoveryClient-CacheRefreshExecutor-0][DiscoveryClient.java:1093] - Getting all instance registry info from the eureka server
2021-05-13 20:47:12 INFO [DiscoveryClient-CacheRefreshExecutor-0][DiscoveryClient.java:1102] - The response status is 200
2021-05-13 20:51:08 INFO [AsyncResolver-bootstrap-executor-0][ConfigClusterResolver.java:43] - Resolving eureka endpoints via configuration
2021-05-13 20:51:08 INFO [DiscoveryClient-InstanceInfoReplicator-0][DiscoveryClient.java:870] - DiscoveryClient_BACKGROUNDSYSTEMCONSUMER/Sojacnn_background_system_消费者_01: registering service...
2021-05-13 20:51:09 INFO [SpringContextShutdownHook][URLConfigurationSource.java:122] - To enable URLs as dynamic configuration sources, define System property archaius.configurationSource.additionalUrls or make config.properties available on classpath.
2021-05-13 20:51:09 INFO [SpringContextShutdownHook][DiscoveryClient.java:932] - Shutting down DiscoveryClient ...
2021-05-13 20:51:12 INFO [SpringContextShutdownHook][DiscoveryClient.java:968] - Unregistering ...
2021-05-13 20:51:20 INFO [SpringContextShutdownHook][DiscoveryClient.java:957] - Completed shut down of DiscoveryClient
2021-05-13 20:58:43 INFO [restartedMain][SpringApplication.java:651] - No active profile set, falling back to default profiles: default
2021-05-13 20:58:47 INFO [restartedMain][URLConfigurationSource.java:122] - To enable URLs as dynamic configuration sources, define System property archaius.configurationSource.additionalUrls or make config.properties available on classpath.
2021-05-13 20:58:47 INFO [restartedMain][URLConfigurationSource.java:122] - To enable URLs as dynamic configuration sources, define System property archaius.configurationSource.additionalUrls or make config.properties available on classpath.
2021-05-13 20:58:54 INFO [restartedMain][DiscoveryClient.java:371] - Initializing Eureka in region us-east-1
2021-05-13 20:58:54 INFO [restartedMain][DiscoveryJerseyProvider.java:70] - Using JSON encoding codec LegacyJacksonJson
2021-05-13 20:58:54 INFO [restartedMain][DiscoveryJerseyProvider.java:71] - Using JSON decoding codec LegacyJacksonJson
2021-05-13 20:58:54 INFO [restartedMain][DiscoveryJerseyProvider.java:80] - Using XML encoding codec XStreamXml
2021-05-13 20:58:54 INFO [restartedMain][DiscoveryJerseyProvider.java:81] - Using XML decoding codec XStreamXml
2021-05-13 20:58:54 INFO [restartedMain][ConfigClusterResolver.java:43] - Resolving eureka endpoints via configuration
2021-05-13 20:58:55 INFO [restartedMain][DiscoveryClient.java:1004] - Disable delta property : false
2021-05-13 20:58:55 INFO [restartedMain][DiscoveryClient.java:1005] - Single vip registry refresh property : null
2021-05-13 20:58:55 INFO [restartedMain][DiscoveryClient.java:1006] - Force full registry fetch : false
2021-05-13 20:58:55 INFO [restartedMain][DiscoveryClient.java:1007] - Application is null : false
2021-05-13 20:58:55 INFO [restartedMain][DiscoveryClient.java:1008] - Registered Applications size is zero : true
2021-05-13 20:58:55 INFO [restartedMain][DiscoveryClient.java:1010] - Application version is -1: true
2021-05-13 20:58:55 INFO [restartedMain][DiscoveryClient.java:1093] - Getting all instance registry info from the eureka server
2021-05-13 20:59:00 INFO [restartedMain][DiscoveryClient.java:442] - Initial registry fetch from primary servers failed
2021-05-13 20:59:00 INFO [restartedMain][DiscoveryClient.java:447] - Initial registry fetch from backup servers failed
2021-05-13 20:59:00 INFO [restartedMain][DiscoveryClient.java:1317] - Starting heartbeat executor: renew interval is: 30
2021-05-13 20:59:00 INFO [restartedMain][InstanceInfoReplicator.java:60] - InstanceInfoReplicator onDemand update allowed rate per min is 4
2021-05-13 20:59:00 INFO [restartedMain][DiscoveryClient.java:491] - Discovery Client initialized at timestamp 1620910740314 with initial instances count: 0
2021-05-13 20:59:00 INFO [restartedMain][DiscoveryClient.java:1353] - Saw local status change event StatusChangeEvent [timestamp=1620910740321, current=UP, previous=STARTING]
2021-05-13 20:59:00 INFO [DiscoveryClient-InstanceInfoReplicator-0][DiscoveryClient.java:870] - DiscoveryClient_BACKGROUNDSYSTEMCONSUMER/Sojacnn_background_system_消费者_01: registering service...
2021-05-13 20:59:05 INFO [restartedMain][StartupInfoLogger.java:61] - Started BackgroundSystemConsumerRun in 29.687 seconds (JVM running for 32.003)
2021-05-13 20:59:06 INFO [DiscoveryClient-InstanceInfoReplicator-0][DiscoveryClient.java:879] - DiscoveryClient_BACKGROUNDSYSTEMCONSUMER/Sojacnn_background_system_消费者_01 - registration status: 204
2021-05-13 20:59:30 INFO [DiscoveryClient-CacheRefreshExecutor-0][DiscoveryClient.java:1004] - Disable delta property : false
2021-05-13 20:59:30 INFO [DiscoveryClient-CacheRefreshExecutor-0][DiscoveryClient.java:1005] - Single vip registry refresh property : null
2021-05-13 20:59:30 INFO [DiscoveryClient-CacheRefreshExecutor-0][DiscoveryClient.java:1006] - Force full registry fetch : false
2021-05-13 20:59:30 INFO [DiscoveryClient-CacheRefreshExecutor-0][DiscoveryClient.java:1007] - Application is null : false
2021-05-13 20:59:30 INFO [DiscoveryClient-CacheRefreshExecutor-0][DiscoveryClient.java:1008] - Registered Applications size is zero : true
2021-05-13 20:59:30 INFO [DiscoveryClient-CacheRefreshExecutor-0][DiscoveryClient.java:1010] - Application version is -1: true
2021-05-13 20:59:30 INFO [DiscoveryClient-CacheRefreshExecutor-0][DiscoveryClient.java:1093] - Getting all instance registry info from the eureka server
2021-05-13 20:59:30 INFO [DiscoveryClient-CacheRefreshExecutor-0][DiscoveryClient.java:1102] - The response status is 200
2021-05-13 21:02:33 INFO [DiscoveryClient-InstanceInfoReplicator-0][DiscoveryClient.java:870] - DiscoveryClient_BACKGROUNDSYSTEMCONSUMER/Sojacnn_background_system_消费者_01: registering service...
2021-05-13 21:02:34 INFO [SpringContextShutdownHook][URLConfigurationSource.java:122] - To enable URLs as dynamic configuration sources, define System property archaius.configurationSource.additionalUrls or make config.properties available on classpath.
2021-05-13 21:02:34 INFO [SpringContextShutdownHook][DiscoveryClient.java:932] - Shutting down DiscoveryClient ...
2021-05-13 21:02:37 INFO [SpringContextShutdownHook][DiscoveryClient.java:968] - Unregistering ...
2021-05-13 21:02:45 INFO [SpringContextShutdownHook][DiscoveryClient.java:957] - Completed shut down of DiscoveryClient
2021-05-13 21:03:09 INFO [restartedMain][SpringApplication.java:651] - No active profile set, falling back to default profiles: default
2021-05-13 21:03:13 INFO [restartedMain][URLConfigurationSource.java:122] - To enable URLs as dynamic configuration sources, define System property archaius.configurationSource.additionalUrls or make config.properties available on classpath.
2021-05-13 21:03:13 INFO [restartedMain][URLConfigurationSource.java:122] - To enable URLs as dynamic configuration sources, define System property archaius.configurationSource.additionalUrls or make config.properties available on classpath.
2021-05-13 21:03:19 INFO [restartedMain][DiscoveryClient.java:371] - Initializing Eureka in region us-east-1
2021-05-13 21:03:19 INFO [restartedMain][DiscoveryJerseyProvider.java:70] - Using JSON encoding codec LegacyJacksonJson
2021-05-13 21:03:19 INFO [restartedMain][DiscoveryJerseyProvider.java:71] - Using JSON decoding codec LegacyJacksonJson
2021-05-13 21:03:19 INFO [restartedMain][DiscoveryJerseyProvider.java:80] - Using XML encoding codec XStreamXml
2021-05-13 21:03:19 INFO [restartedMain][DiscoveryJerseyProvider.java:81] - Using XML decoding codec XStreamXml
2021-05-13 21:03:20 INFO [restartedMain][ConfigClusterResolver.java:43] - Resolving eureka endpoints via configuration
2021-05-13 21:03:21 INFO [restartedMain][DiscoveryClient.java:1004] - Disable delta property : false
2021-05-13 21:03:21 INFO [restartedMain][DiscoveryClient.java:1005] - Single vip registry refresh property : null
2021-05-13 21:03:21 INFO [restartedMain][DiscoveryClient.java:1006] - Force full registry fetch : false
2021-05-13 21:03:21 INFO [restartedMain][DiscoveryClient.java:1007] - Application is null : false
2021-05-13 21:03:21 INFO [restartedMain][DiscoveryClient.java:1008] - Registered Applications size is zero : true
2021-05-13 21:03:21 INFO [restartedMain][DiscoveryClient.java:1010] - Application version is -1: true
2021-05-13 21:03:21 INFO [restartedMain][DiscoveryClient.java:1093] - Getting all instance registry info from the eureka server
2021-05-13 21:03:26 INFO [restartedMain][DiscoveryClient.java:442] - Initial registry fetch from primary servers failed
2021-05-13 21:03:26 INFO [restartedMain][DiscoveryClient.java:447] - Initial registry fetch from backup servers failed
2021-05-13 21:03:26 INFO [restartedMain][DiscoveryClient.java:1317] - Starting heartbeat executor: renew interval is: 30
2021-05-13 21:03:26 INFO [restartedMain][InstanceInfoReplicator.java:60] - InstanceInfoReplicator onDemand update allowed rate per min is 4
2021-05-13 21:03:26 INFO [restartedMain][DiscoveryClient.java:491] - Discovery Client initialized at timestamp 1620911006125 with initial instances count: 0
2021-05-13 21:03:26 INFO [restartedMain][DiscoveryClient.java:1353] - Saw local status change event StatusChangeEvent [timestamp=1620911006138, current=UP, previous=STARTING]
2021-05-13 21:03:26 INFO [DiscoveryClient-InstanceInfoReplicator-0][DiscoveryClient.java:870] - DiscoveryClient_BACKGROUNDSYSTEMCONSUMER/Sojacnn_background_system_消费者_01: registering service...
2021-05-13 21:03:28 INFO [DiscoveryClient-InstanceInfoReplicator-0][DiscoveryClient.java:879] - DiscoveryClient_BACKGROUNDSYSTEMCONSUMER/Sojacnn_background_system_消费者_01 - registration status: 204
2021-05-13 21:03:29 INFO [restartedMain][StartupInfoLogger.java:61] - Started BackgroundSystemConsumerRun in 26.77 seconds (JVM running for 28.615)
2021-05-13 21:03:56 INFO [DiscoveryClient-CacheRefreshExecutor-0][DiscoveryClient.java:1004] - Disable delta property : false
2021-05-13 21:03:56 INFO [DiscoveryClient-CacheRefreshExecutor-0][DiscoveryClient.java:1005] - Single vip registry refresh property : null
2021-05-13 21:03:56 INFO [DiscoveryClient-CacheRefreshExecutor-0][DiscoveryClient.java:1006] - Force full registry fetch : false
2021-05-13 21:03:56 INFO [DiscoveryClient-CacheRefreshExecutor-0][DiscoveryClient.java:1007] - Application is null : false
2021-05-13 21:03:56 INFO [DiscoveryClient-CacheRefreshExecutor-0][DiscoveryClient.java:1008] - Registered Applications size is zero : true
2021-05-13 21:03:56 INFO [DiscoveryClient-CacheRefreshExecutor-0][DiscoveryClient.java:1010] - Application version is -1: true
2021-05-13 21:03:56 INFO [DiscoveryClient-CacheRefreshExecutor-0][DiscoveryClient.java:1093] - Getting all instance registry info from the eureka server
2021-05-13 21:03:56 INFO [DiscoveryClient-CacheRefreshExecutor-0][DiscoveryClient.java:1102] - The response status is 200
2021-05-13 21:08:21 INFO [AsyncResolver-bootstrap-executor-0][ConfigClusterResolver.java:43] - Resolving eureka endpoints via configuration
2021-05-13 21:13:21 INFO [AsyncResolver-bootstrap-executor-0][ConfigClusterResolver.java:43] - Resolving eureka endpoints via configuration
2021-05-13 21:18:21 INFO [AsyncResolver-bootstrap-executor-0][ConfigClusterResolver.java:43] - Resolving eureka endpoints via configuration
2021-05-13 21:23:21 INFO [AsyncResolver-bootstrap-executor-0][ConfigClusterResolver.java:43] - Resolving eureka endpoints via configuration
2021-05-13 21:28:21 INFO [AsyncResolver-bootstrap-executor-0][ConfigClusterResolver.java:43] - Resolving eureka endpoints via configuration
