2021-05-13 17:39:20 INFO [restartedMain][SpringApplication.java:651] - No active profile set, falling back to default profiles: default
2021-05-13 17:39:25 INFO [restartedMain][URLConfigurationSource.java:122] - To enable URLs as dynamic configuration sources, define System property archaius.configurationSource.additionalUrls or make config.properties available on classpath.
2021-05-13 17:39:25 INFO [restartedMain][DynamicPropertyFactory.java:281] - DynamicPropertyFactory is initialized with configuration sources: com.netflix.config.ConcurrentCompositeConfiguration@76cbd3e0
2021-05-13 17:39:26 INFO [restartedMain][HikariDataSource.java:80] - DatebookHikariCP - Starting...
2021-05-13 19:25:40 INFO [restartedMain][SpringApplication.java:651] - No active profile set, falling back to default profiles: default
2021-05-13 19:25:45 INFO [restartedMain][URLConfigurationSource.java:122] - To enable URLs as dynamic configuration sources, define System property archaius.configurationSource.additionalUrls or make config.properties available on classpath.
2021-05-13 19:25:45 INFO [restartedMain][DynamicPropertyFactory.java:281] - DynamicPropertyFactory is initialized with configuration sources: com.netflix.config.ConcurrentCompositeConfiguration@338691e1
2021-05-13 19:25:46 INFO [restartedMain][HikariDataSource.java:80] - DatebookHikariCP - Starting...
2021-05-13 19:58:46 INFO [restartedMain][SpringApplication.java:651] - No active profile set, falling back to default profiles: default
2021-05-13 19:58:54 INFO [restartedMain][URLConfigurationSource.java:122] - To enable URLs as dynamic configuration sources, define System property archaius.configurationSource.additionalUrls or make config.properties available on classpath.
2021-05-13 19:58:55 INFO [restartedMain][DynamicPropertyFactory.java:281] - DynamicPropertyFactory is initialized with configuration sources: com.netflix.config.ConcurrentCompositeConfiguration@5598a3e4
2021-05-13 19:58:58 INFO [restartedMain][HikariDataSource.java:80] - DatebookHikariCP - Starting...
2021-05-13 19:59:00 INFO [restartedMain][HikariDataSource.java:82] - DatebookHikariCP - Start completed.
2021-05-13 19:59:05 INFO [restartedMain][URLConfigurationSource.java:122] - To enable URLs as dynamic configuration sources, define System property archaius.configurationSource.additionalUrls or make config.properties available on classpath.
2021-05-13 20:00:14 INFO [restartedMain][DiscoveryClient.java:371] - Initializing Eureka in region us-east-1
2021-05-13 20:00:14 INFO [restartedMain][DiscoveryJerseyProvider.java:70] - Using JSON encoding codec LegacyJacksonJson
2021-05-13 20:00:14 INFO [restartedMain][DiscoveryJerseyProvider.java:71] - Using JSON decoding codec LegacyJacksonJson
2021-05-13 20:00:14 INFO [restartedMain][DiscoveryJerseyProvider.java:80] - Using XML encoding codec XStreamXml
2021-05-13 20:00:14 INFO [restartedMain][DiscoveryJerseyProvider.java:81] - Using XML decoding codec XStreamXml
2021-05-13 20:00:15 INFO [restartedMain][ConfigClusterResolver.java:43] - Resolving eureka endpoints via configuration
2021-05-13 20:00:17 INFO [restartedMain][DiscoveryClient.java:1004] - Disable delta property : false
2021-05-13 20:00:17 INFO [restartedMain][DiscoveryClient.java:1005] - Single vip registry refresh property : null
2021-05-13 20:00:17 INFO [restartedMain][DiscoveryClient.java:1006] - Force full registry fetch : false
2021-05-13 20:00:17 INFO [restartedMain][DiscoveryClient.java:1007] - Application is null : false
2021-05-13 20:00:17 INFO [restartedMain][DiscoveryClient.java:1008] - Registered Applications size is zero : true
2021-05-13 20:00:17 INFO [restartedMain][DiscoveryClient.java:1010] - Application version is -1: true
2021-05-13 20:00:17 INFO [restartedMain][DiscoveryClient.java:1093] - Getting all instance registry info from the eureka server
2021-05-13 20:00:17 INFO [restartedMain][DiscoveryClient.java:1102] - The response status is 200
2021-05-13 20:00:17 INFO [restartedMain][DiscoveryClient.java:1317] - Starting heartbeat executor: renew interval is: 30
2021-05-13 20:00:17 INFO [restartedMain][InstanceInfoReplicator.java:60] - InstanceInfoReplicator onDemand update allowed rate per min is 4
2021-05-13 20:00:17 INFO [restartedMain][DiscoveryClient.java:491] - Discovery Client initialized at timestamp 1620907217760 with initial instances count: 3
2021-05-13 20:00:17 INFO [restartedMain][DiscoveryClient.java:1353] - Saw local status change event StatusChangeEvent [timestamp=1620907217766, current=UP, previous=STARTING]
2021-05-13 20:00:17 INFO [DiscoveryClient-InstanceInfoReplicator-0][DiscoveryClient.java:870] - DiscoveryClient_BACKGROUNDSYSTEM/Sojacnn_background_system_生产者_01: registering service...
2021-05-13 20:00:17 INFO [DiscoveryClient-InstanceInfoReplicator-0][DiscoveryClient.java:879] - DiscoveryClient_BACKGROUNDSYSTEM/Sojacnn_background_system_生产者_01 - registration status: 204
2021-05-13 20:00:21 INFO [restartedMain][StartupInfoLogger.java:61] - Started BackgroundSystemRun in 104.069 seconds (JVM running for 106.366)
2021-05-13 20:05:17 INFO [AsyncResolver-bootstrap-executor-0][ConfigClusterResolver.java:43] - Resolving eureka endpoints via configuration
2021-05-13 20:10:17 INFO [AsyncResolver-bootstrap-executor-0][ConfigClusterResolver.java:43] - Resolving eureka endpoints via configuration
2021-05-13 20:12:51 INFO [DiscoveryClient-InstanceInfoReplicator-0][DiscoveryClient.java:870] - DiscoveryClient_BACKGROUNDSYSTEM/Sojacnn_background_system_生产者_01: registering service...
2021-05-13 20:12:51 INFO [DiscoveryClient-InstanceInfoReplicator-0][DiscoveryClient.java:879] - DiscoveryClient_BACKGROUNDSYSTEM/Sojacnn_background_system_生产者_01 - registration status: 204
2021-05-13 20:12:52 INFO [Thread-1][HikariDataSource.java:350] - DatebookHikariCP - Shutdown initiated...
2021-05-13 20:12:52 INFO [Thread-1][HikariDataSource.java:352] - DatebookHikariCP - Shutdown completed.
2021-05-13 20:12:52 INFO [Thread-1][DiscoveryClient.java:932] - Shutting down DiscoveryClient ...
2021-05-13 20:12:55 INFO [Thread-1][DiscoveryClient.java:968] - Unregistering ...
2021-05-13 20:12:55 INFO [Thread-1][DiscoveryClient.java:970] - DiscoveryClient_BACKGROUNDSYSTEM/Sojacnn_background_system_生产者_01 - deregister  status: 200
2021-05-13 20:12:55 INFO [Thread-1][DiscoveryClient.java:957] - Completed shut down of DiscoveryClient
2021-05-13 20:13:02 INFO [restartedMain][SpringApplication.java:651] - No active profile set, falling back to default profiles: default
2021-05-13 20:13:03 INFO [restartedMain][URLConfigurationSource.java:122] - To enable URLs as dynamic configuration sources, define System property archaius.configurationSource.additionalUrls or make config.properties available on classpath.
2021-05-13 20:13:03 INFO [restartedMain][DynamicPropertyFactory.java:281] - DynamicPropertyFactory is initialized with configuration sources: com.netflix.config.ConcurrentCompositeConfiguration@2ddf8cab
2021-05-13 20:13:03 INFO [restartedMain][HikariDataSource.java:80] - DatebookHikariCP - Starting...
2021-05-13 20:13:03 INFO [restartedMain][HikariDataSource.java:82] - DatebookHikariCP - Start completed.
2021-05-13 20:13:04 INFO [restartedMain][URLConfigurationSource.java:122] - To enable URLs as dynamic configuration sources, define System property archaius.configurationSource.additionalUrls or make config.properties available on classpath.
2021-05-13 20:13:09 INFO [restartedMain][DiscoveryClient.java:371] - Initializing Eureka in region us-east-1
2021-05-13 20:13:09 INFO [restartedMain][DiscoveryJerseyProvider.java:70] - Using JSON encoding codec LegacyJacksonJson
2021-05-13 20:13:09 INFO [restartedMain][DiscoveryJerseyProvider.java:71] - Using JSON decoding codec LegacyJacksonJson
2021-05-13 20:13:09 INFO [restartedMain][DiscoveryJerseyProvider.java:80] - Using XML encoding codec XStreamXml
2021-05-13 20:13:09 INFO [restartedMain][DiscoveryJerseyProvider.java:81] - Using XML decoding codec XStreamXml
2021-05-13 20:13:09 INFO [restartedMain][ConfigClusterResolver.java:43] - Resolving eureka endpoints via configuration
2021-05-13 20:13:09 INFO [restartedMain][DiscoveryClient.java:1004] - Disable delta property : false
2021-05-13 20:13:09 INFO [restartedMain][DiscoveryClient.java:1005] - Single vip registry refresh property : null
2021-05-13 20:13:09 INFO [restartedMain][DiscoveryClient.java:1006] - Force full registry fetch : false
2021-05-13 20:13:09 INFO [restartedMain][DiscoveryClient.java:1007] - Application is null : false
2021-05-13 20:13:09 INFO [restartedMain][DiscoveryClient.java:1008] - Registered Applications size is zero : true
2021-05-13 20:13:09 INFO [restartedMain][DiscoveryClient.java:1010] - Application version is -1: true
2021-05-13 20:13:09 INFO [restartedMain][DiscoveryClient.java:1093] - Getting all instance registry info from the eureka server
2021-05-13 20:13:09 INFO [restartedMain][DiscoveryClient.java:1102] - The response status is 200
2021-05-13 20:13:09 INFO [restartedMain][DiscoveryClient.java:1317] - Starting heartbeat executor: renew interval is: 30
2021-05-13 20:13:09 INFO [restartedMain][InstanceInfoReplicator.java:60] - InstanceInfoReplicator onDemand update allowed rate per min is 4
2021-05-13 20:13:09 INFO [restartedMain][DiscoveryClient.java:491] - Discovery Client initialized at timestamp 1620907989713 with initial instances count: 1
2021-05-13 20:13:09 INFO [restartedMain][DiscoveryClient.java:1353] - Saw local status change event StatusChangeEvent [timestamp=1620907989717, current=UP, previous=STARTING]
2021-05-13 20:13:09 INFO [DiscoveryClient-InstanceInfoReplicator-0][DiscoveryClient.java:870] - DiscoveryClient_BACKGROUNDSYSTEM/Sojacnn_background_system_生产者_01: registering service...
2021-05-13 20:13:09 INFO [DiscoveryClient-InstanceInfoReplicator-0][DiscoveryClient.java:879] - DiscoveryClient_BACKGROUNDSYSTEM/Sojacnn_background_system_生产者_01 - registration status: 204
2021-05-13 20:13:11 INFO [restartedMain][StartupInfoLogger.java:61] - Started BackgroundSystemRun in 16.169 seconds (JVM running for 876.287)
2021-05-13 20:13:45 INFO [DiscoveryClient-InstanceInfoReplicator-0][DiscoveryClient.java:870] - DiscoveryClient_BACKGROUNDSYSTEM/Sojacnn_background_system_生产者_01: registering service...
2021-05-13 20:13:45 INFO [DiscoveryClient-InstanceInfoReplicator-0][DiscoveryClient.java:879] - DiscoveryClient_BACKGROUNDSYSTEM/Sojacnn_background_system_生产者_01 - registration status: 204
2021-05-13 20:13:46 INFO [SpringContextShutdownHook][HikariDataSource.java:350] - DatebookHikariCP - Shutdown initiated...
2021-05-13 20:13:46 INFO [SpringContextShutdownHook][HikariDataSource.java:352] - DatebookHikariCP - Shutdown completed.
2021-05-13 20:13:46 INFO [SpringContextShutdownHook][DiscoveryClient.java:932] - Shutting down DiscoveryClient ...
2021-05-13 20:13:49 INFO [SpringContextShutdownHook][DiscoveryClient.java:968] - Unregistering ...
2021-05-13 20:13:57 INFO [SpringContextShutdownHook][DiscoveryClient.java:957] - Completed shut down of DiscoveryClient
2021-05-13 20:14:23 INFO [restartedMain][SpringApplication.java:651] - No active profile set, falling back to default profiles: default
2021-05-13 20:14:25 INFO [restartedMain][URLConfigurationSource.java:122] - To enable URLs as dynamic configuration sources, define System property archaius.configurationSource.additionalUrls or make config.properties available on classpath.
2021-05-13 20:14:25 INFO [restartedMain][DynamicPropertyFactory.java:281] - DynamicPropertyFactory is initialized with configuration sources: com.netflix.config.ConcurrentCompositeConfiguration@68a1aed2
2021-05-13 20:14:26 INFO [restartedMain][HikariDataSource.java:80] - DatebookHikariCP - Starting...
2021-05-13 20:14:26 INFO [restartedMain][HikariDataSource.java:82] - DatebookHikariCP - Start completed.
2021-05-13 20:14:28 INFO [restartedMain][URLConfigurationSource.java:122] - To enable URLs as dynamic configuration sources, define System property archaius.configurationSource.additionalUrls or make config.properties available on classpath.
2021-05-13 20:14:33 INFO [restartedMain][DiscoveryClient.java:371] - Initializing Eureka in region us-east-1
2021-05-13 20:14:33 INFO [restartedMain][DiscoveryJerseyProvider.java:70] - Using JSON encoding codec LegacyJacksonJson
2021-05-13 20:14:33 INFO [restartedMain][DiscoveryJerseyProvider.java:71] - Using JSON decoding codec LegacyJacksonJson
2021-05-13 20:14:33 INFO [restartedMain][DiscoveryJerseyProvider.java:80] - Using XML encoding codec XStreamXml
2021-05-13 20:14:33 INFO [restartedMain][DiscoveryJerseyProvider.java:81] - Using XML decoding codec XStreamXml
2021-05-13 20:14:34 INFO [restartedMain][ConfigClusterResolver.java:43] - Resolving eureka endpoints via configuration
2021-05-13 20:14:34 INFO [restartedMain][DiscoveryClient.java:1004] - Disable delta property : false
2021-05-13 20:14:34 INFO [restartedMain][DiscoveryClient.java:1005] - Single vip registry refresh property : null
2021-05-13 20:14:34 INFO [restartedMain][DiscoveryClient.java:1006] - Force full registry fetch : false
2021-05-13 20:14:34 INFO [restartedMain][DiscoveryClient.java:1007] - Application is null : false
2021-05-13 20:14:34 INFO [restartedMain][DiscoveryClient.java:1008] - Registered Applications size is zero : true
2021-05-13 20:14:34 INFO [restartedMain][DiscoveryClient.java:1010] - Application version is -1: true
2021-05-13 20:14:34 INFO [restartedMain][DiscoveryClient.java:1093] - Getting all instance registry info from the eureka server
2021-05-13 20:14:34 INFO [restartedMain][DiscoveryClient.java:1102] - The response status is 200
2021-05-13 20:14:34 INFO [restartedMain][DiscoveryClient.java:1317] - Starting heartbeat executor: renew interval is: 30
2021-05-13 20:14:34 INFO [restartedMain][InstanceInfoReplicator.java:60] - InstanceInfoReplicator onDemand update allowed rate per min is 4
2021-05-13 20:14:34 INFO [restartedMain][DiscoveryClient.java:491] - Discovery Client initialized at timestamp 1620908074959 with initial instances count: 2
2021-05-13 20:14:34 INFO [restartedMain][DiscoveryClient.java:1353] - Saw local status change event StatusChangeEvent [timestamp=1620908074964, current=UP, previous=STARTING]
2021-05-13 20:14:34 INFO [DiscoveryClient-InstanceInfoReplicator-0][DiscoveryClient.java:870] - DiscoveryClient_BACKGROUNDSYSTEM/Sojacnn_background_system_生产者_01: registering service...
2021-05-13 20:14:34 INFO [DiscoveryClient-InstanceInfoReplicator-0][DiscoveryClient.java:879] - DiscoveryClient_BACKGROUNDSYSTEM/Sojacnn_background_system_生产者_01 - registration status: 204
2021-05-13 20:14:36 INFO [restartedMain][StartupInfoLogger.java:61] - Started BackgroundSystemRun in 23.403 seconds (JVM running for 26.221)
2021-05-13 20:19:34 INFO [AsyncResolver-bootstrap-executor-0][ConfigClusterResolver.java:43] - Resolving eureka endpoints via configuration
2021-05-13 20:46:19 INFO [restartedMain][SpringApplication.java:651] - No active profile set, falling back to default profiles: default
2021-05-13 20:46:28 INFO [restartedMain][URLConfigurationSource.java:122] - To enable URLs as dynamic configuration sources, define System property archaius.configurationSource.additionalUrls or make config.properties available on classpath.
2021-05-13 20:46:28 INFO [restartedMain][DynamicPropertyFactory.java:281] - DynamicPropertyFactory is initialized with configuration sources: com.netflix.config.ConcurrentCompositeConfiguration@18f01347
2021-05-13 20:46:30 INFO [restartedMain][HikariDataSource.java:80] - DatebookHikariCP - Starting...
2021-05-13 20:46:31 INFO [restartedMain][HikariDataSource.java:82] - DatebookHikariCP - Start completed.
2021-05-13 20:46:34 INFO [restartedMain][URLConfigurationSource.java:122] - To enable URLs as dynamic configuration sources, define System property archaius.configurationSource.additionalUrls or make config.properties available on classpath.
2021-05-13 20:46:40 INFO [restartedMain][DiscoveryClient.java:371] - Initializing Eureka in region us-east-1
2021-05-13 20:46:40 INFO [restartedMain][DiscoveryJerseyProvider.java:70] - Using JSON encoding codec LegacyJacksonJson
2021-05-13 20:46:40 INFO [restartedMain][DiscoveryJerseyProvider.java:71] - Using JSON decoding codec LegacyJacksonJson
2021-05-13 20:46:40 INFO [restartedMain][DiscoveryJerseyProvider.java:80] - Using XML encoding codec XStreamXml
2021-05-13 20:46:40 INFO [restartedMain][DiscoveryJerseyProvider.java:81] - Using XML decoding codec XStreamXml
2021-05-13 20:46:40 INFO [restartedMain][ConfigClusterResolver.java:43] - Resolving eureka endpoints via configuration
2021-05-13 20:46:41 INFO [restartedMain][DiscoveryClient.java:1004] - Disable delta property : false
2021-05-13 20:46:41 INFO [restartedMain][DiscoveryClient.java:1005] - Single vip registry refresh property : null
2021-05-13 20:46:41 INFO [restartedMain][DiscoveryClient.java:1006] - Force full registry fetch : false
2021-05-13 20:46:41 INFO [restartedMain][DiscoveryClient.java:1007] - Application is null : false
2021-05-13 20:46:41 INFO [restartedMain][DiscoveryClient.java:1008] - Registered Applications size is zero : true
2021-05-13 20:46:41 INFO [restartedMain][DiscoveryClient.java:1010] - Application version is -1: true
2021-05-13 20:46:41 INFO [restartedMain][DiscoveryClient.java:1093] - Getting all instance registry info from the eureka server
2021-05-13 20:46:41 INFO [restartedMain][DiscoveryClient.java:1102] - The response status is 200
2021-05-13 20:46:41 INFO [restartedMain][DiscoveryClient.java:1317] - Starting heartbeat executor: renew interval is: 30
2021-05-13 20:46:41 INFO [restartedMain][InstanceInfoReplicator.java:60] - InstanceInfoReplicator onDemand update allowed rate per min is 4
2021-05-13 20:46:41 INFO [restartedMain][DiscoveryClient.java:491] - Discovery Client initialized at timestamp 1620910001837 with initial instances count: 0
2021-05-13 20:46:41 INFO [restartedMain][DiscoveryClient.java:1353] - Saw local status change event StatusChangeEvent [timestamp=1620910001842, current=UP, previous=STARTING]
2021-05-13 20:46:41 INFO [DiscoveryClient-InstanceInfoReplicator-0][DiscoveryClient.java:870] - DiscoveryClient_BACKGROUNDSYSTEM/Sojacnn_background_system_生产者_01: registering service...
2021-05-13 20:46:41 INFO [DiscoveryClient-InstanceInfoReplicator-0][DiscoveryClient.java:879] - DiscoveryClient_BACKGROUNDSYSTEM/Sojacnn_background_system_生产者_01 - registration status: 204
2021-05-13 20:46:43 INFO [restartedMain][StartupInfoLogger.java:61] - Started BackgroundSystemRun in 32.594 seconds (JVM running for 34.914)
2021-05-13 20:47:12 INFO [DiscoveryClient-CacheRefreshExecutor-0][DiscoveryClient.java:1004] - Disable delta property : false
2021-05-13 20:47:12 INFO [DiscoveryClient-CacheRefreshExecutor-0][DiscoveryClient.java:1005] - Single vip registry refresh property : null
2021-05-13 20:47:12 INFO [DiscoveryClient-CacheRefreshExecutor-0][DiscoveryClient.java:1006] - Force full registry fetch : false
2021-05-13 20:47:12 INFO [DiscoveryClient-CacheRefreshExecutor-0][DiscoveryClient.java:1007] - Application is null : false
2021-05-13 20:47:12 INFO [DiscoveryClient-CacheRefreshExecutor-0][DiscoveryClient.java:1008] - Registered Applications size is zero : true
2021-05-13 20:47:12 INFO [DiscoveryClient-CacheRefreshExecutor-0][DiscoveryClient.java:1010] - Application version is -1: false
2021-05-13 20:47:12 INFO [DiscoveryClient-CacheRefreshExecutor-0][DiscoveryClient.java:1093] - Getting all instance registry info from the eureka server
2021-05-13 20:47:12 INFO [DiscoveryClient-CacheRefreshExecutor-0][DiscoveryClient.java:1102] - The response status is 200
2021-05-13 20:51:09 INFO [DiscoveryClient-InstanceInfoReplicator-0][DiscoveryClient.java:870] - DiscoveryClient_BACKGROUNDSYSTEM/Sojacnn_background_system_生产者_01: registering service...
2021-05-13 20:51:10 INFO [SpringContextShutdownHook][HikariDataSource.java:350] - DatebookHikariCP - Shutdown initiated...
2021-05-13 20:51:10 INFO [SpringContextShutdownHook][HikariDataSource.java:352] - DatebookHikariCP - Shutdown completed.
2021-05-13 20:51:10 INFO [SpringContextShutdownHook][DiscoveryClient.java:932] - Shutting down DiscoveryClient ...
2021-05-13 20:51:13 INFO [SpringContextShutdownHook][DiscoveryClient.java:968] - Unregistering ...
2021-05-13 20:51:21 INFO [SpringContextShutdownHook][DiscoveryClient.java:957] - Completed shut down of DiscoveryClient
2021-05-13 20:58:48 INFO [restartedMain][SpringApplication.java:651] - No active profile set, falling back to default profiles: default
2021-05-13 20:58:52 INFO [restartedMain][URLConfigurationSource.java:122] - To enable URLs as dynamic configuration sources, define System property archaius.configurationSource.additionalUrls or make config.properties available on classpath.
2021-05-13 20:58:52 INFO [restartedMain][DynamicPropertyFactory.java:281] - DynamicPropertyFactory is initialized with configuration sources: com.netflix.config.ConcurrentCompositeConfiguration@6cd9227d
2021-05-13 20:58:53 INFO [restartedMain][HikariDataSource.java:80] - DatebookHikariCP - Starting...
2021-05-13 20:58:53 INFO [restartedMain][HikariDataSource.java:82] - DatebookHikariCP - Start completed.
2021-05-13 20:58:56 INFO [restartedMain][URLConfigurationSource.java:122] - To enable URLs as dynamic configuration sources, define System property archaius.configurationSource.additionalUrls or make config.properties available on classpath.
2021-05-13 20:59:05 INFO [restartedMain][DiscoveryClient.java:371] - Initializing Eureka in region us-east-1
2021-05-13 20:59:05 INFO [restartedMain][DiscoveryJerseyProvider.java:70] - Using JSON encoding codec LegacyJacksonJson
2021-05-13 20:59:05 INFO [restartedMain][DiscoveryJerseyProvider.java:71] - Using JSON decoding codec LegacyJacksonJson
2021-05-13 20:59:05 INFO [restartedMain][DiscoveryJerseyProvider.java:80] - Using XML encoding codec XStreamXml
2021-05-13 20:59:05 INFO [restartedMain][DiscoveryJerseyProvider.java:81] - Using XML decoding codec XStreamXml
2021-05-13 20:59:06 INFO [restartedMain][ConfigClusterResolver.java:43] - Resolving eureka endpoints via configuration
2021-05-13 20:59:07 INFO [restartedMain][DiscoveryClient.java:1004] - Disable delta property : false
2021-05-13 20:59:07 INFO [restartedMain][DiscoveryClient.java:1005] - Single vip registry refresh property : null
2021-05-13 20:59:07 INFO [restartedMain][DiscoveryClient.java:1006] - Force full registry fetch : false
2021-05-13 20:59:07 INFO [restartedMain][DiscoveryClient.java:1007] - Application is null : false
2021-05-13 20:59:07 INFO [restartedMain][DiscoveryClient.java:1008] - Registered Applications size is zero : true
2021-05-13 20:59:07 INFO [restartedMain][DiscoveryClient.java:1010] - Application version is -1: true
2021-05-13 20:59:07 INFO [restartedMain][DiscoveryClient.java:1093] - Getting all instance registry info from the eureka server
2021-05-13 20:59:07 INFO [restartedMain][DiscoveryClient.java:1102] - The response status is 200
2021-05-13 20:59:07 INFO [restartedMain][DiscoveryClient.java:1317] - Starting heartbeat executor: renew interval is: 30
2021-05-13 20:59:07 INFO [restartedMain][InstanceInfoReplicator.java:60] - InstanceInfoReplicator onDemand update allowed rate per min is 4
2021-05-13 20:59:07 INFO [restartedMain][DiscoveryClient.java:491] - Discovery Client initialized at timestamp 1620910747718 with initial instances count: 1
2021-05-13 20:59:07 INFO [restartedMain][DiscoveryClient.java:1353] - Saw local status change event StatusChangeEvent [timestamp=1620910747727, current=UP, previous=STARTING]
2021-05-13 20:59:07 INFO [DiscoveryClient-InstanceInfoReplicator-0][DiscoveryClient.java:870] - DiscoveryClient_BACKGROUNDSYSTEM/Sojacnn_background_system_生产者_01: registering service...
2021-05-13 20:59:07 INFO [DiscoveryClient-InstanceInfoReplicator-0][DiscoveryClient.java:879] - DiscoveryClient_BACKGROUNDSYSTEM/Sojacnn_background_system_生产者_01 - registration status: 204
2021-05-13 20:59:10 INFO [restartedMain][StartupInfoLogger.java:61] - Started BackgroundSystemRun in 29.847 seconds (JVM running for 32.373)
2021-05-13 21:02:33 INFO [DiscoveryClient-InstanceInfoReplicator-0][DiscoveryClient.java:870] - DiscoveryClient_BACKGROUNDSYSTEM/Sojacnn_background_system_生产者_01: registering service...
2021-05-13 21:02:34 INFO [SpringContextShutdownHook][HikariDataSource.java:350] - DatebookHikariCP - Shutdown initiated...
2021-05-13 21:02:34 INFO [SpringContextShutdownHook][HikariDataSource.java:352] - DatebookHikariCP - Shutdown completed.
2021-05-13 21:02:34 INFO [SpringContextShutdownHook][DiscoveryClient.java:932] - Shutting down DiscoveryClient ...
2021-05-13 21:02:37 INFO [SpringContextShutdownHook][DiscoveryClient.java:968] - Unregistering ...
2021-05-13 21:02:45 INFO [SpringContextShutdownHook][DiscoveryClient.java:957] - Completed shut down of DiscoveryClient
2021-05-13 21:03:15 INFO [restartedMain][SpringApplication.java:651] - No active profile set, falling back to default profiles: default
2021-05-13 21:03:19 INFO [restartedMain][URLConfigurationSource.java:122] - To enable URLs as dynamic configuration sources, define System property archaius.configurationSource.additionalUrls or make config.properties available on classpath.
2021-05-13 21:03:19 INFO [restartedMain][DynamicPropertyFactory.java:281] - DynamicPropertyFactory is initialized with configuration sources: com.netflix.config.ConcurrentCompositeConfiguration@5f519ba7
2021-05-13 21:03:19 INFO [restartedMain][HikariDataSource.java:80] - DatebookHikariCP - Starting...
2021-05-13 21:03:19 INFO [restartedMain][HikariDataSource.java:82] - DatebookHikariCP - Start completed.
2021-05-13 21:03:23 INFO [restartedMain][URLConfigurationSource.java:122] - To enable URLs as dynamic configuration sources, define System property archaius.configurationSource.additionalUrls or make config.properties available on classpath.
2021-05-13 21:03:30 INFO [restartedMain][DiscoveryClient.java:371] - Initializing Eureka in region us-east-1
2021-05-13 21:03:30 INFO [restartedMain][DiscoveryJerseyProvider.java:70] - Using JSON encoding codec LegacyJacksonJson
2021-05-13 21:03:30 INFO [restartedMain][DiscoveryJerseyProvider.java:71] - Using JSON decoding codec LegacyJacksonJson
2021-05-13 21:03:30 INFO [restartedMain][DiscoveryJerseyProvider.java:80] - Using XML encoding codec XStreamXml
2021-05-13 21:03:30 INFO [restartedMain][DiscoveryJerseyProvider.java:81] - Using XML decoding codec XStreamXml
2021-05-13 21:03:30 INFO [restartedMain][ConfigClusterResolver.java:43] - Resolving eureka endpoints via configuration
2021-05-13 21:03:32 INFO [restartedMain][DiscoveryClient.java:1004] - Disable delta property : false
2021-05-13 21:03:32 INFO [restartedMain][DiscoveryClient.java:1005] - Single vip registry refresh property : null
2021-05-13 21:03:32 INFO [restartedMain][DiscoveryClient.java:1006] - Force full registry fetch : false
2021-05-13 21:03:32 INFO [restartedMain][DiscoveryClient.java:1007] - Application is null : false
2021-05-13 21:03:32 INFO [restartedMain][DiscoveryClient.java:1008] - Registered Applications size is zero : true
2021-05-13 21:03:32 INFO [restartedMain][DiscoveryClient.java:1010] - Application version is -1: true
2021-05-13 21:03:32 INFO [restartedMain][DiscoveryClient.java:1093] - Getting all instance registry info from the eureka server
2021-05-13 21:03:32 INFO [restartedMain][DiscoveryClient.java:1102] - The response status is 200
2021-05-13 21:03:32 INFO [restartedMain][DiscoveryClient.java:1317] - Starting heartbeat executor: renew interval is: 30
2021-05-13 21:03:32 INFO [restartedMain][InstanceInfoReplicator.java:60] - InstanceInfoReplicator onDemand update allowed rate per min is 4
2021-05-13 21:03:32 INFO [restartedMain][DiscoveryClient.java:491] - Discovery Client initialized at timestamp 1620911012791 with initial instances count: 1
2021-05-13 21:03:32 INFO [restartedMain][DiscoveryClient.java:1353] - Saw local status change event StatusChangeEvent [timestamp=1620911012799, current=UP, previous=STARTING]
2021-05-13 21:03:32 INFO [DiscoveryClient-InstanceInfoReplicator-0][DiscoveryClient.java:870] - DiscoveryClient_BACKGROUNDSYSTEM/Sojacnn_background_system_生产者_01: registering service...
2021-05-13 21:03:32 INFO [DiscoveryClient-InstanceInfoReplicator-0][DiscoveryClient.java:879] - DiscoveryClient_BACKGROUNDSYSTEM/Sojacnn_background_system_生产者_01 - registration status: 204
2021-05-13 21:03:35 INFO [restartedMain][StartupInfoLogger.java:61] - Started BackgroundSystemRun in 27.633 seconds (JVM running for 29.846)
2021-05-13 21:08:32 INFO [AsyncResolver-bootstrap-executor-0][ConfigClusterResolver.java:43] - Resolving eureka endpoints via configuration
2021-05-13 21:13:32 INFO [AsyncResolver-bootstrap-executor-0][ConfigClusterResolver.java:43] - Resolving eureka endpoints via configuration
2021-05-13 21:18:32 INFO [AsyncResolver-bootstrap-executor-0][ConfigClusterResolver.java:43] - Resolving eureka endpoints via configuration
2021-05-13 21:23:32 INFO [AsyncResolver-bootstrap-executor-0][ConfigClusterResolver.java:43] - Resolving eureka endpoints via configuration
2021-05-13 21:28:32 INFO [AsyncResolver-bootstrap-executor-0][ConfigClusterResolver.java:43] - Resolving eureka endpoints via configuration
